This is pdfTeX, Version 3.14159265-2.6-1.40.16 (TeX Live 2015) (preloaded format=pdflatex 2015.7.27)  27 JUL 2015 17:09
entering extended mode
 restricted \write18 enabled.
 %&-line parsing enabled.
**binder
(./binder.tex
LaTeX2e <2015/01/01> patch level 2
Babel <3.9l> and hyphenation patterns for 79 languages loaded.
(/usr/local/texlive/2015/texmf-dist/tex/latex/koma-script/scrbook.cls
Document Class: scrbook 2015/07/02 v3.18 KOMA-Script document class (book)
(/usr/local/texlive/2015/texmf-dist/tex/latex/koma-script/scrkbase.sty
Package: scrkbase 2015/07/02 v3.18 KOMA-Script package (KOMA-Script-dependent b
asics and keyval usage)

(/usr/local/texlive/2015/texmf-dist/tex/latex/koma-script/scrbase.sty
Package: scrbase 2015/07/02 v3.18 KOMA-Script package (KOMA-Script-independent 
basics and keyval usage)

(/usr/local/texlive/2015/texmf-dist/tex/latex/graphics/keyval.sty
Package: keyval 2014/10/28 v1.15 key=value parser (DPC)
\KV@toks@=\toks14
)
(/usr/local/texlive/2015/texmf-dist/tex/latex/koma-script/scrlfile.sty
Package: scrlfile 2015/07/02 v3.18 KOMA-Script package (loading files)

Package scrlfile, 2015/07/02 v3.18 KOMA-Script package (loading files)
                  Copyright (C) Markus Kohm

))) (/usr/local/texlive/2015/texmf-dist/tex/latex/koma-script/tocbasic.sty
Package: tocbasic 2015/07/02 v3.18 KOMA-Script package (handling toc-files)
)
Package tocbasic Info: omitting babel extension for `toc'
(tocbasic)             because of feature `nobabel' available
(tocbasic)             for `toc' on input line 125.
Package tocbasic Info: omitting babel extension for `lof'
(tocbasic)             because of feature `nobabel' available
(tocbasic)             for `lof' on input line 126.
Package tocbasic Info: omitting babel extension for `lot'
(tocbasic)             because of feature `nobabel' available
(tocbasic)             for `lot' on input line 127.
Package tocbasic Info: defining new hook before heading of `' on input line 157
8.


Package scrbook Warning: You've used obsolete option `13pt'.
(scrbook)                Usage of this option indicates an old document
(scrbook)                and changes compatibility level using
(scrbook)                `fontsize=13pt,version=first'.
(scrbook)                If you don't want this, you should simply
(scrbook)                replace option `13pt' by `fontsize=13pt'.

Class scrbook Info: Switching compatibility level to `first'.

LaTeX Font Warning: Font shape `OT1/cmr/m/n' in size <13> not available
(Font)              size <12> substituted on input line 2245.

(/usr/local/texlive/2015/texmf-dist/tex/latex/koma-script/typearea.sty
Package: typearea 2015/07/02 v3.18 KOMA-Script package (type area)

Package typearea, 2015/07/02 v3.18 KOMA-Script package (type area)
                  Copyright (C) Frank Neukam, 1992-1994
                  Copyright (C) Markus Kohm, 1994-

\ta@bcor=\skip41
\ta@div=\count79
Package typearea Info: You've used standard option `a5paper'.
(typearea)             This is correct!
(typearea)             Internally I'm using `paper=a5'.
(typearea)             If you'd like to set the option with \KOMAoptions,
(typearea)             you'd have to use `paper=a5' there
(typearea)             instead of `a5paper', too.
\ta@hblk=\skip42
\ta@vblk=\skip43
\ta@temp=\skip44
\footheight=\skip45
DIV calculation for typearea with good linewidth.

Package typearea Warning: Maybe no optimal type area settings!
(typearea)                The maximum limit of line width is about 18%
(typearea)                larger than the heuristically detected line width.
(typearea)                You may e.g. increase DIV, decrease fontsize
(typearea)                or change the papersize.

Package typearea Info: These are the values describing the layout:
(typearea)             DIV  = 12
(typearea)             BCOR = 0.0pt
(typearea)             \paperwidth      = 421.10083pt
(typearea)              \textwidth      = 315.82562pt
(typearea)              DIV departure   = 18%
(typearea)              \evensidemargin = -2.08652pt
(typearea)              \oddsidemargin  = -37.17825pt
(typearea)             \paperheight     = 597.50793pt
(typearea)              \textheight     = 449.79889pt
(typearea)              \topmargin      = -65.37753pt
(typearea)              \headheight     = 19.49994pt
(typearea)              \headsep        = 23.39993pt
(typearea)              \topskip        = 13.0pt
(typearea)              \footskip       = 54.59984pt
(typearea)              \baselineskip   = 15.59996pt
(typearea)              on input line 1506.
)
\c@part=\count80
\c@chapter=\count81
\c@section=\count82
\c@subsection=\count83
\c@subsubsection=\count84
\c@paragraph=\count85
\c@subparagraph=\count86
LaTeX Info: Redefining \textsubscript on input line 4548.
\abovecaptionskip=\skip46
\belowcaptionskip=\skip47
\c@pti@nb@sid@b@x=\box26
\c@figure=\count87
\c@table=\count88
\bibindent=\dimen102
) (/usr/local/texlive/2015/texmf-dist/tex/generic/babel/babel.sty
Package: babel 2014/09/25 3.9l The Babel package

(/usr/local/texlive/2015/texmf-dist/tex/generic/babel-german/ngerman.ldf
Language: ngerman 2013/12/13 v2.7 German support for babel (new orthography)

(/usr/local/texlive/2015/texmf-dist/tex/generic/babel-german/ngermanb.ldf
Language: ngermanb 2013/12/13 v2.7 German support for babel (new orthography)

(/usr/local/texlive/2015/texmf-dist/tex/generic/babel/babel.def
File: babel.def 2014/09/25 3.9l Babel common definitions
\babel@savecnt=\count89
\U@D=\dimen103
)
\l@naustrian = a dialect from \language\l@ngerman 
\l@nswissgerman = a dialect from \language\l@ngerman 
Package babel Info: Making " an active character on input line 88.
)))
(/usr/local/texlive/2015/texmf-dist/tex/latex/quattrocento/quattrocento.sty
Package: quattrocento 2012/11/24 (Bob Tennent) Supports Quattrocento(Sans) font
s for all LaTeX engines. 

(/usr/local/texlive/2015/texmf-dist/tex/generic/ifxetex/ifxetex.sty
Package: ifxetex 2010/09/12 v0.6 Provides ifxetex conditional
)
(/usr/local/texlive/2015/texmf-dist/tex/generic/oberdiek/ifluatex.sty
Package: ifluatex 2010/03/01 v1.3 Provides the ifluatex switch (HO)
Package ifluatex Info: LuaTeX not detected.
)
(/usr/local/texlive/2015/texmf-dist/tex/latex/base/textcomp.sty
Package: textcomp 2005/09/27 v1.99g Standard LaTeX package
Package textcomp Info: Sub-encoding information:
(textcomp)               5 = only ISO-Adobe without \textcurrency
(textcomp)               4 = 5 + \texteuro
(textcomp)               3 = 4 + \textohm
(textcomp)               2 = 3 + \textestimated + \textcurrency
(textcomp)               1 = TS1 - \textcircled - \t
(textcomp)               0 = TS1 (full)
(textcomp)             Font families with sub-encoding setting implement
(textcomp)             only a restricted character set as indicated.
(textcomp)             Family '?' is the default used for unknown fonts.
(textcomp)             See the documentation for details.
Package textcomp Info: Setting ? sub-encoding to TS1/1 on input line 79.

(/usr/local/texlive/2015/texmf-dist/tex/latex/base/ts1enc.def
File: ts1enc.def 2001/06/05 v3.0e (jk/car/fm) Standard LaTeX file
)
LaTeX Info: Redefining \oldstylenums on input line 334.
Package textcomp Info: Setting cmr sub-encoding to TS1/0 on input line 349.
Package textcomp Info: Setting cmss sub-encoding to TS1/0 on input line 350.
Package textcomp Info: Setting cmtt sub-encoding to TS1/0 on input line 351.
Package textcomp Info: Setting cmvtt sub-encoding to TS1/0 on input line 352.
Package textcomp Info: Setting cmbr sub-encoding to TS1/0 on input line 353.
Package textcomp Info: Setting cmtl sub-encoding to TS1/0 on input line 354.
Package textcomp Info: Setting ccr sub-encoding to TS1/0 on input line 355.
Package textcomp Info: Setting ptm sub-encoding to TS1/4 on input line 356.
Package textcomp Info: Setting pcr sub-encoding to TS1/4 on input line 357.
Package textcomp Info: Setting phv sub-encoding to TS1/4 on input line 358.
Package textcomp Info: Setting ppl sub-encoding to TS1/3 on input line 359.
Package textcomp Info: Setting pag sub-encoding to TS1/4 on input line 360.
Package textcomp Info: Setting pbk sub-encoding to TS1/4 on input line 361.
Package textcomp Info: Setting pnc sub-encoding to TS1/4 on input line 362.
Package textcomp Info: Setting pzc sub-encoding to TS1/4 on input line 363.
Package textcomp Info: Setting bch sub-encoding to TS1/4 on input line 364.
Package textcomp Info: Setting put sub-encoding to TS1/5 on input line 365.
Package textcomp Info: Setting uag sub-encoding to TS1/5 on input line 366.
Package textcomp Info: Setting ugq sub-encoding to TS1/5 on input line 367.
Package textcomp Info: Setting ul8 sub-encoding to TS1/4 on input line 368.
Package textcomp Info: Setting ul9 sub-encoding to TS1/4 on input line 369.
Package textcomp Info: Setting augie sub-encoding to TS1/5 on input line 370.
Package textcomp Info: Setting dayrom sub-encoding to TS1/3 on input line 371.
Package textcomp Info: Setting dayroms sub-encoding to TS1/3 on input line 372.

Package textcomp Info: Setting pxr sub-encoding to TS1/0 on input line 373.
Package textcomp Info: Setting pxss sub-encoding to TS1/0 on input line 374.
Package textcomp Info: Setting pxtt sub-encoding to TS1/0 on input line 375.
Package textcomp Info: Setting txr sub-encoding to TS1/0 on input line 376.
Package textcomp Info: Setting txss sub-encoding to TS1/0 on input line 377.
Package textcomp Info: Setting txtt sub-encoding to TS1/0 on input line 378.
Package textcomp Info: Setting lmr sub-encoding to TS1/0 on input line 379.
Package textcomp Info: Setting lmdh sub-encoding to TS1/0 on input line 380.
Package textcomp Info: Setting lmss sub-encoding to TS1/0 on input line 381.
Package textcomp Info: Setting lmssq sub-encoding to TS1/0 on input line 382.
Package textcomp Info: Setting lmvtt sub-encoding to TS1/0 on input line 383.
Package textcomp Info: Setting lmtt sub-encoding to TS1/0 on input line 384.
Package textcomp Info: Setting qhv sub-encoding to TS1/0 on input line 385.
Package textcomp Info: Setting qag sub-encoding to TS1/0 on input line 386.
Package textcomp Info: Setting qbk sub-encoding to TS1/0 on input line 387.
Package textcomp Info: Setting qcr sub-encoding to TS1/0 on input line 388.
Package textcomp Info: Setting qcs sub-encoding to TS1/0 on input line 389.
Package textcomp Info: Setting qpl sub-encoding to TS1/0 on input line 390.
Package textcomp Info: Setting qtm sub-encoding to TS1/0 on input line 391.
Package textcomp Info: Setting qzc sub-encoding to TS1/0 on input line 392.
Package textcomp Info: Setting qhvc sub-encoding to TS1/0 on input line 393.
Package textcomp Info: Setting futs sub-encoding to TS1/4 on input line 394.
Package textcomp Info: Setting futx sub-encoding to TS1/4 on input line 395.
Package textcomp Info: Setting futj sub-encoding to TS1/4 on input line 396.
Package textcomp Info: Setting hlh sub-encoding to TS1/3 on input line 397.
Package textcomp Info: Setting hls sub-encoding to TS1/3 on input line 398.
Package textcomp Info: Setting hlst sub-encoding to TS1/3 on input line 399.
Package textcomp Info: Setting hlct sub-encoding to TS1/5 on input line 400.
Package textcomp Info: Setting hlx sub-encoding to TS1/5 on input line 401.
Package textcomp Info: Setting hlce sub-encoding to TS1/5 on input line 402.
Package textcomp Info: Setting hlcn sub-encoding to TS1/5 on input line 403.
Package textcomp Info: Setting hlcw sub-encoding to TS1/5 on input line 404.
Package textcomp Info: Setting hlcf sub-encoding to TS1/5 on input line 405.
Package textcomp Info: Setting pplx sub-encoding to TS1/3 on input line 406.
Package textcomp Info: Setting pplj sub-encoding to TS1/3 on input line 407.
Package textcomp Info: Setting ptmx sub-encoding to TS1/4 on input line 408.
Package textcomp Info: Setting ptmj sub-encoding to TS1/4 on input line 409.
)
(/usr/local/texlive/2015/texmf-dist/tex/latex/xkeyval/xkeyval.sty
Package: xkeyval 2014/12/03 v2.7a package option processing (HA)

(/usr/local/texlive/2015/texmf-dist/tex/generic/xkeyval/xkeyval.tex
(/usr/local/texlive/2015/texmf-dist/tex/generic/xkeyval/xkvutils.tex
\XKV@toks=\toks15
\XKV@tempa@toks=\toks16
)
\XKV@depth=\count90
File: xkeyval.tex 2014/12/03 v2.7a key=value parser (HA)
))
(/usr/local/texlive/2015/texmf-dist/tex/latex/base/fontenc.sty
Package: fontenc 2005/09/27 v1.99g Standard LaTeX package
)
(/usr/local/texlive/2015/texmf-dist/tex/latex/fontaxes/fontaxes.sty
Package: fontaxes 2014/03/23 v1.0d Font selection axes
LaTeX Info: Redefining \upshape on input line 29.
LaTeX Info: Redefining \itshape on input line 31.
LaTeX Info: Redefining \slshape on input line 33.
LaTeX Info: Redefining \scshape on input line 37.
))
(/usr/local/texlive/2015/texmf-dist/tex/latex/base/fontenc.sty
Package: fontenc 2005/09/27 v1.99g Standard LaTeX package

(/usr/local/texlive/2015/texmf-dist/tex/latex/base/t1enc.def
File: t1enc.def 2005/09/27 v1.99g Standard LaTeX file
LaTeX Font Info:    Redeclaring font encoding T1 on input line 48.
)

LaTeX Font Warning: Font shape `T1/cmr/m/n' in size <13> not available
(Font)              size <12> substituted on input line 105.

) (/usr/local/texlive/2015/texmf-dist/tex/latex/xcolor/xcolor.sty
Package: xcolor 2007/01/21 v2.11 LaTeX color extensions (UK)

(/usr/local/texlive/2015/texmf-dist/tex/latex/latexconfig/color.cfg
File: color.cfg 2007/01/18 v1.5 color configuration of teTeX/TeXLive
)
Package xcolor Info: Driver file: pdftex.def on input line 225.

(/usr/local/texlive/2015/texmf-dist/tex/latex/pdftex-def/pdftex.def
File: pdftex.def 2011/05/27 v0.06d Graphics/color for pdfTeX

(/usr/local/texlive/2015/texmf-dist/tex/generic/oberdiek/infwarerr.sty
Package: infwarerr 2010/04/08 v1.3 Providing info/warning/error messages (HO)
)
(/usr/local/texlive/2015/texmf-dist/tex/generic/oberdiek/ltxcmds.sty
Package: ltxcmds 2011/11/09 v1.22 LaTeX kernel commands for general use (HO)
)
\Gread@gobject=\count91
)
Package xcolor Info: Model `cmy' substituted by `cmy0' on input line 1337.
Package xcolor Info: Model `hsb' substituted by `rgb' on input line 1341.
Package xcolor Info: Model `RGB' extended on input line 1353.
Package xcolor Info: Model `HTML' substituted by `rgb' on input line 1355.
Package xcolor Info: Model `Hsb' substituted by `hsb' on input line 1356.
Package xcolor Info: Model `tHsb' substituted by `hsb' on input line 1357.
Package xcolor Info: Model `HSB' substituted by `hsb' on input line 1358.
Package xcolor Info: Model `Gray' substituted by `gray' on input line 1359.
Package xcolor Info: Model `wave' substituted by `hsb' on input line 1360.

(/usr/local/texlive/2015/texmf-dist/tex/latex/xcolor/svgnam.def
File: svgnam.def 2007/01/21 v2.11 Predefined colors according to SVG 1.1 (UK)
))
(/usr/local/texlive/2015/texmf-dist/tex/latex/base/inputenc.sty
Package: inputenc 2015/03/17 v1.2c Input encoding file
\inpenc@prehook=\toks17
\inpenc@posthook=\toks18

(/usr/local/texlive/2015/texmf-dist/tex/latex/base/utf8.def
File: utf8.def 2015/06/27 v1.1n UTF-8 support for inputenc
Now handling font encoding OML ...
... no UTF-8 mapping file for font encoding OML
Now handling font encoding T1 ...
... processing UTF-8 mapping file for font encoding T1

(/usr/local/texlive/2015/texmf-dist/tex/latex/base/t1enc.dfu
File: t1enc.dfu 2015/06/27 v1.1n UTF-8 support for inputenc
   defining Unicode char U+00A1 (decimal 161)
   defining Unicode char U+00A3 (decimal 163)
   defining Unicode char U+00AB (decimal 171)
   defining Unicode char U+00BB (decimal 187)
   defining Unicode char U+00BF (decimal 191)
   defining Unicode char U+00C0 (decimal 192)
   defining Unicode char U+00C1 (decimal 193)
   defining Unicode char U+00C2 (decimal 194)
   defining Unicode char U+00C3 (decimal 195)
   defining Unicode char U+00C4 (decimal 196)
   defining Unicode char U+00C5 (decimal 197)
   defining Unicode char U+00C6 (decimal 198)
   defining Unicode char U+00C7 (decimal 199)
   defining Unicode char U+00C8 (decimal 200)
   defining Unicode char U+00C9 (decimal 201)
   defining Unicode char U+00CA (decimal 202)
   defining Unicode char U+00CB (decimal 203)
   defining Unicode char U+00CC (decimal 204)
   defining Unicode char U+00CD (decimal 205)
   defining Unicode char U+00CE (decimal 206)
   defining Unicode char U+00CF (decimal 207)
   defining Unicode char U+00D0 (decimal 208)
   defining Unicode char U+00D1 (decimal 209)
   defining Unicode char U+00D2 (decimal 210)
   defining Unicode char U+00D3 (decimal 211)
   defining Unicode char U+00D4 (decimal 212)
   defining Unicode char U+00D5 (decimal 213)
   defining Unicode char U+00D6 (decimal 214)
   defining Unicode char U+00D8 (decimal 216)
   defining Unicode char U+00D9 (decimal 217)
   defining Unicode char U+00DA (decimal 218)
   defining Unicode char U+00DB (decimal 219)
   defining Unicode char U+00DC (decimal 220)
   defining Unicode char U+00DD (decimal 221)
   defining Unicode char U+00DE (decimal 222)
   defining Unicode char U+00DF (decimal 223)
   defining Unicode char U+00E0 (decimal 224)
   defining Unicode char U+00E1 (decimal 225)
   defining Unicode char U+00E2 (decimal 226)
   defining Unicode char U+00E3 (decimal 227)
   defining Unicode char U+00E4 (decimal 228)
   defining Unicode char U+00E5 (decimal 229)
   defining Unicode char U+00E6 (decimal 230)
   defining Unicode char U+00E7 (decimal 231)
   defining Unicode char U+00E8 (decimal 232)
   defining Unicode char U+00E9 (decimal 233)
   defining Unicode char U+00EA (decimal 234)
   defining Unicode char U+00EB (decimal 235)
   defining Unicode char U+00EC (decimal 236)
   defining Unicode char U+00ED (decimal 237)
   defining Unicode char U+00EE (decimal 238)
   defining Unicode char U+00EF (decimal 239)
   defining Unicode char U+00F0 (decimal 240)
   defining Unicode char U+00F1 (decimal 241)
   defining Unicode char U+00F2 (decimal 242)
   defining Unicode char U+00F3 (decimal 243)
   defining Unicode char U+00F4 (decimal 244)
   defining Unicode char U+00F5 (decimal 245)
   defining Unicode char U+00F6 (decimal 246)
   defining Unicode char U+00F8 (decimal 248)
   defining Unicode char U+00F9 (decimal 249)
   defining Unicode char U+00FA (decimal 250)
   defining Unicode char U+00FB (decimal 251)
   defining Unicode char U+00FC (decimal 252)
   defining Unicode char U+00FD (decimal 253)
   defining Unicode char U+00FE (decimal 254)
   defining Unicode char U+00FF (decimal 255)
   defining Unicode char U+0102 (decimal 258)
   defining Unicode char U+0103 (decimal 259)
   defining Unicode char U+0104 (decimal 260)
   defining Unicode char U+0105 (decimal 261)
   defining Unicode char U+0106 (decimal 262)
   defining Unicode char U+0107 (decimal 263)
   defining Unicode char U+010C (decimal 268)
   defining Unicode char U+010D (decimal 269)
   defining Unicode char U+010E (decimal 270)
   defining Unicode char U+010F (decimal 271)
   defining Unicode char U+0110 (decimal 272)
   defining Unicode char U+0111 (decimal 273)
   defining Unicode char U+0118 (decimal 280)
   defining Unicode char U+0119 (decimal 281)
   defining Unicode char U+011A (decimal 282)
   defining Unicode char U+011B (decimal 283)
   defining Unicode char U+011E (decimal 286)
   defining Unicode char U+011F (decimal 287)
   defining Unicode char U+0130 (decimal 304)
   defining Unicode char U+0131 (decimal 305)
   defining Unicode char U+0132 (decimal 306)
   defining Unicode char U+0133 (decimal 307)
   defining Unicode char U+0139 (decimal 313)
   defining Unicode char U+013A (decimal 314)
   defining Unicode char U+013D (decimal 317)
   defining Unicode char U+013E (decimal 318)
   defining Unicode char U+0141 (decimal 321)
   defining Unicode char U+0142 (decimal 322)
   defining Unicode char U+0143 (decimal 323)
   defining Unicode char U+0144 (decimal 324)
   defining Unicode char U+0147 (decimal 327)
   defining Unicode char U+0148 (decimal 328)
   defining Unicode char U+014A (decimal 330)
   defining Unicode char U+014B (decimal 331)
   defining Unicode char U+0150 (decimal 336)
   defining Unicode char U+0151 (decimal 337)
   defining Unicode char U+0152 (decimal 338)
   defining Unicode char U+0153 (decimal 339)
   defining Unicode char U+0154 (decimal 340)
   defining Unicode char U+0155 (decimal 341)
   defining Unicode char U+0158 (decimal 344)
   defining Unicode char U+0159 (decimal 345)
   defining Unicode char U+015A (decimal 346)
   defining Unicode char U+015B (decimal 347)
   defining Unicode char U+015E (decimal 350)
   defining Unicode char U+015F (decimal 351)
   defining Unicode char U+0160 (decimal 352)
   defining Unicode char U+0161 (decimal 353)
   defining Unicode char U+0162 (decimal 354)
   defining Unicode char U+0163 (decimal 355)
   defining Unicode char U+0164 (decimal 356)
   defining Unicode char U+0165 (decimal 357)
   defining Unicode char U+016E (decimal 366)
   defining Unicode char U+016F (decimal 367)
   defining Unicode char U+0170 (decimal 368)
   defining Unicode char U+0171 (decimal 369)
   defining Unicode char U+0178 (decimal 376)
   defining Unicode char U+0179 (decimal 377)
   defining Unicode char U+017A (decimal 378)
   defining Unicode char U+017B (decimal 379)
   defining Unicode char U+017C (decimal 380)
   defining Unicode char U+017D (decimal 381)
   defining Unicode char U+017E (decimal 382)
   defining Unicode char U+200C (decimal 8204)
   defining Unicode char U+2013 (decimal 8211)
   defining Unicode char U+2014 (decimal 8212)
   defining Unicode char U+2018 (decimal 8216)
   defining Unicode char U+2019 (decimal 8217)
   defining Unicode char U+201A (decimal 8218)
   defining Unicode char U+201C (decimal 8220)
   defining Unicode char U+201D (decimal 8221)
   defining Unicode char U+201E (decimal 8222)
   defining Unicode char U+2030 (decimal 8240)
   defining Unicode char U+2031 (decimal 8241)
   defining Unicode char U+2039 (decimal 8249)
   defining Unicode char U+203A (decimal 8250)
   defining Unicode char U+2423 (decimal 9251)
)
Now handling font encoding OT1 ...
... processing UTF-8 mapping file for font encoding OT1

(/usr/local/texlive/2015/texmf-dist/tex/latex/base/ot1enc.dfu
File: ot1enc.dfu 2015/06/27 v1.1n UTF-8 support for inputenc
   defining Unicode char U+00A1 (decimal 161)
   defining Unicode char U+00A3 (decimal 163)
   defining Unicode char U+00B8 (decimal 184)
   defining Unicode char U+00BF (decimal 191)
   defining Unicode char U+00C5 (decimal 197)
   defining Unicode char U+00C6 (decimal 198)
   defining Unicode char U+00D8 (decimal 216)
   defining Unicode char U+00DF (decimal 223)
   defining Unicode char U+00E6 (decimal 230)
   defining Unicode char U+00EC (decimal 236)
   defining Unicode char U+00ED (decimal 237)
   defining Unicode char U+00EE (decimal 238)
   defining Unicode char U+00EF (decimal 239)
   defining Unicode char U+00F8 (decimal 248)
   defining Unicode char U+0131 (decimal 305)
   defining Unicode char U+0141 (decimal 321)
   defining Unicode char U+0142 (decimal 322)
   defining Unicode char U+0152 (decimal 338)
   defining Unicode char U+0153 (decimal 339)
   defining Unicode char U+2013 (decimal 8211)
   defining Unicode char U+2014 (decimal 8212)
   defining Unicode char U+2018 (decimal 8216)
   defining Unicode char U+2019 (decimal 8217)
   defining Unicode char U+201C (decimal 8220)
   defining Unicode char U+201D (decimal 8221)
)
Now handling font encoding OMS ...
... processing UTF-8 mapping file for font encoding OMS

(/usr/local/texlive/2015/texmf-dist/tex/latex/base/omsenc.dfu
File: omsenc.dfu 2015/06/27 v1.1n UTF-8 support for inputenc
   defining Unicode char U+00A7 (decimal 167)
   defining Unicode char U+00B6 (decimal 182)
   defining Unicode char U+00B7 (decimal 183)
   defining Unicode char U+2020 (decimal 8224)
   defining Unicode char U+2021 (decimal 8225)
   defining Unicode char U+2022 (decimal 8226)
)
Now handling font encoding OMX ...
... no UTF-8 mapping file for font encoding OMX
Now handling font encoding U ...
... no UTF-8 mapping file for font encoding U
Now handling font encoding TS1 ...
... processing UTF-8 mapping file for font encoding TS1

(/usr/local/texlive/2015/texmf-dist/tex/latex/base/ts1enc.dfu
File: ts1enc.dfu 2015/06/27 v1.1n UTF-8 support for inputenc
   defining Unicode char U+00A2 (decimal 162)
   defining Unicode char U+00A3 (decimal 163)
   defining Unicode char U+00A4 (decimal 164)
   defining Unicode char U+00A5 (decimal 165)
   defining Unicode char U+00A6 (decimal 166)
   defining Unicode char U+00A7 (decimal 167)
   defining Unicode char U+00A8 (decimal 168)
   defining Unicode char U+00A9 (decimal 169)
   defining Unicode char U+00AA (decimal 170)
   defining Unicode char U+00AC (decimal 172)
   defining Unicode char U+00AE (decimal 174)
   defining Unicode char U+00AF (decimal 175)
   defining Unicode char U+00B0 (decimal 176)
   defining Unicode char U+00B1 (decimal 177)
   defining Unicode char U+00B2 (decimal 178)
   defining Unicode char U+00B3 (decimal 179)
   defining Unicode char U+00B4 (decimal 180)
   defining Unicode char U+00B5 (decimal 181)
   defining Unicode char U+00B6 (decimal 182)
   defining Unicode char U+00B7 (decimal 183)
   defining Unicode char U+00B9 (decimal 185)
   defining Unicode char U+00BA (decimal 186)
   defining Unicode char U+00BC (decimal 188)
   defining Unicode char U+00BD (decimal 189)
   defining Unicode char U+00BE (decimal 190)
   defining Unicode char U+00D7 (decimal 215)
   defining Unicode char U+00F7 (decimal 247)
   defining Unicode char U+0192 (decimal 402)
   defining Unicode char U+02C7 (decimal 711)
   defining Unicode char U+02D8 (decimal 728)
   defining Unicode char U+02DD (decimal 733)
   defining Unicode char U+0E3F (decimal 3647)
   defining Unicode char U+2016 (decimal 8214)
   defining Unicode char U+2020 (decimal 8224)
   defining Unicode char U+2021 (decimal 8225)
   defining Unicode char U+2022 (decimal 8226)
   defining Unicode char U+2030 (decimal 8240)
   defining Unicode char U+2031 (decimal 8241)
   defining Unicode char U+203B (decimal 8251)
   defining Unicode char U+203D (decimal 8253)
   defining Unicode char U+2044 (decimal 8260)
   defining Unicode char U+204E (decimal 8270)
   defining Unicode char U+2052 (decimal 8274)
   defining Unicode char U+20A1 (decimal 8353)
   defining Unicode char U+20A4 (decimal 8356)
   defining Unicode char U+20A6 (decimal 8358)
   defining Unicode char U+20A9 (decimal 8361)
   defining Unicode char U+20AB (decimal 8363)
   defining Unicode char U+20AC (decimal 8364)
   defining Unicode char U+20B1 (decimal 8369)
   defining Unicode char U+2103 (decimal 8451)
   defining Unicode char U+2116 (decimal 8470)
   defining Unicode char U+2117 (decimal 8471)
   defining Unicode char U+211E (decimal 8478)
   defining Unicode char U+2120 (decimal 8480)
   defining Unicode char U+2122 (decimal 8482)
   defining Unicode char U+2126 (decimal 8486)
   defining Unicode char U+2127 (decimal 8487)
   defining Unicode char U+212E (decimal 8494)
   defining Unicode char U+2190 (decimal 8592)
   defining Unicode char U+2191 (decimal 8593)
   defining Unicode char U+2192 (decimal 8594)
   defining Unicode char U+2193 (decimal 8595)
   defining Unicode char U+2329 (decimal 9001)
   defining Unicode char U+232A (decimal 9002)
   defining Unicode char U+2422 (decimal 9250)
   defining Unicode char U+25E6 (decimal 9702)
   defining Unicode char U+25EF (decimal 9711)
   defining Unicode char U+266A (decimal 9834)
)
   defining Unicode char U+00A9 (decimal 169)
   defining Unicode char U+00AA (decimal 170)
   defining Unicode char U+00AE (decimal 174)
   defining Unicode char U+00BA (decimal 186)
   defining Unicode char U+02C6 (decimal 710)
   defining Unicode char U+02DC (decimal 732)
   defining Unicode char U+200C (decimal 8204)
   defining Unicode char U+2026 (decimal 8230)
   defining Unicode char U+2122 (decimal 8482)
   defining Unicode char U+2423 (decimal 9251)
))
(/usr/local/texlive/2015/texmf-dist/tex/latex/csquotes/csquotes.sty
Package: csquotes 2015/07/18 v5.1f context-sensitive quotations (JAW)

(/usr/local/texlive/2015/texmf-dist/tex/latex/etoolbox/etoolbox.sty
Package: etoolbox 2015/05/04 v2.2 e-TeX tools for LaTeX (JAW)
\etb@tempcnta=\count92
)
\csq@reset=\count93
\csq@gtype=\count94
\csq@glevel=\count95
\csq@qlevel=\count96
\csq@maxlvl=\count97
\csq@tshold=\count98
\csq@ltx@everypar=\toks19

(/usr/local/texlive/2015/texmf-dist/tex/latex/csquotes/csquotes.def
File: csquotes.def 2015/07/18 v5.1f csquotes generic definitions (JAW)
)
Package csquotes Info: Trying to load configuration file 'csquotes.cfg'...
Package csquotes Info: ... configuration file loaded successfully.

(/usr/local/texlive/2015/texmf-dist/tex/latex/csquotes/csquotes.cfg
File: csquotes.cfg 
)
Package csquotes Info: Redefining alias 'german' -> 'german/swiss'.
)
(/usr/local/texlive/2015/texmf-dist/tex/latex/lettrine/lettrine.sty
File: lettrine.sty 2015/02/16 v1.8 (Daniel Flipo)
\c@DefaultLines=\count99
\c@DefaultDepth=\count100
\DefaultFindent=\dimen104
\DefaultNindent=\dimen105
\DefaultSlope=\dimen106
\DiscardVskip=\dimen107
\L@lbox=\box27
\L@tbox=\box28
\c@L@lines=\count101
\c@L@depth=\count102
\L@Pindent=\dimen108
\L@Findent=\dimen109
\L@Nindent=\dimen110
\L@lraise=\dimen111
\L@first=\dimen112
\L@next=\dimen113
\L@slope=\dimen114
\L@height=\dimen115
\L@novskip=\dimen116
\LettrineWidth=\dimen117
\LettrineHeight=\dimen118
\LettrineDepth=\dimen119

Loading lettrine.cfg
(/usr/local/texlive/2015/texmf-dist/tex/latex/lettrine/lettrine.cfg))
(/usr/local/texlive/2015/texmf-dist/tex/latex/fourier/fourier-orns.sty
Package: fourier-orns 2004/01/30 1.1 fourier-ornaments package
)
(/usr/local/texlive/2015/texmf-dist/tex/latex/koma-script/scrpage2.sty
Package: scrpage2 2015/07/02 v3.18 KOMA-Script package (page head and foot)
LaTeX Info: Redefining \pagemark on input line 174.
)
(/usr/local/texlive/2015/texmf-dist/tex/latex/initials/Zallman.fd
File: Zallman.fd 2003/04/02 Font definition file for U/Zallman
)
(/usr/local/texlive/2015/texmf-dist/tex/latex/graphics/graphicx.sty
Package: graphicx 2014/10/28 v1.0g Enhanced LaTeX Graphics (DPC,SPQR)

(/usr/local/texlive/2015/texmf-dist/tex/latex/graphics/graphics.sty
Package: graphics 2014/10/28 v1.0p Standard LaTeX Graphics (DPC,SPQR)

(/usr/local/texlive/2015/texmf-dist/tex/latex/graphics/trig.sty
Package: trig 1999/03/16 v1.09 sin cos tan (DPC)
)
(/usr/local/texlive/2015/texmf-dist/tex/latex/latexconfig/graphics.cfg
File: graphics.cfg 2010/04/23 v1.9 graphics configuration of TeX Live
)
Package graphics Info: Driver file: pdftex.def on input line 94.
)
\Gin@req@height=\dimen120
\Gin@req@width=\dimen121
)
(/usr/local/texlive/2015/texmf-dist/tex/latex/tools/afterpage.sty
Package: afterpage 2014/10/28 v1.08 After-Page Package (DPC)
\AP@output=\toks20
\AP@partial=\box29
\AP@footins=\box30
)
(/usr/local/texlive/2015/texmf-dist/tex/latex/floatflt/floatflt.sty
Package: floatflt 1997/07/16 v. 1.31
\c@OptionTest=\count103
\figbox=\box31
\tabbox=\box32
\pagebox=\box33
\ffigcount=\count104
\ftabcount=\count105
\fftest=\count106
\hangcount=\count107
\nosuccesstryfig=\count108
\nosuccesstrytab=\count109
\figgutter=\dimen122
\tabgutter=\dimen123
\htdone=\dimen124
\pageht=\dimen125
\startpageht=\dimen126
\tabbredd=\dimen127
\floatfltwidth=\dimen128
\fltitemwidth=\dimen129
\outputpretest=\toks21
)
(/usr/local/texlive/2015/texmf-dist/tex/latex/mdframed/mdframed.sty
Package: mdframed 2013/07/01 1.9b: mdframed

(/usr/local/texlive/2015/texmf-dist/tex/latex/oberdiek/kvoptions.sty
Package: kvoptions 2011/06/30 v3.11 Key value format for package options (HO)

(/usr/local/texlive/2015/texmf-dist/tex/generic/oberdiek/kvsetkeys.sty
Package: kvsetkeys 2012/04/25 v1.16 Key value parser (HO)

(/usr/local/texlive/2015/texmf-dist/tex/generic/oberdiek/etexcmds.sty
Package: etexcmds 2011/02/16 v1.5 Avoid name clashes with e-TeX commands (HO)
Package etexcmds Info: Could not find \expanded.
(etexcmds)             That can mean that you are not using pdfTeX 1.50 or
(etexcmds)             that some package has redefined \expanded.
(etexcmds)             In the latter case, load this package earlier.
)))
(/usr/local/texlive/2015/texmf-dist/tex/latex/l3packages/xparse/xparse.sty
(/usr/local/texlive/2015/texmf-dist/tex/latex/l3kernel/expl3.sty
Package: expl3 2015/07/15 v5666 L3 programming layer (loader) 

(/usr/local/texlive/2015/texmf-dist/tex/latex/l3kernel/expl3-code.tex
Package: expl3 2015/07/15 v5666 L3 programming layer (code) 
L3 Module: l3bootstrap 2015/06/24 v5634 L3 Bootstrap code
L3 Module: l3names 2015/06/30 v5644 L3 Namespace for primitives
L3 Module: l3basics 2015/01/27 v5500 L3 Basic definitions
L3 Module: l3expan 2014/11/27 v5472 L3 Argument expansion
L3 Module: l3tl 2015/07/14 v5659 L3 Token lists
L3 Module: l3str 2015/07/14 v5659 L3 Strings
L3 Module: l3seq 2014/08/23 v5354 L3 Sequences and stacks
L3 Module: l3int 2015/07/14 v5659 L3 Integers
\c_max_int=\count110
\l_tmpa_int=\count111
\l_tmpb_int=\count112
\g_tmpa_int=\count113
\g_tmpb_int=\count114
L3 Module: l3quark 2015/07/14 v5659 L3 Quarks
L3 Module: l3prg 2015/07/13 v5653 L3 Control structures
\g__prg_map_int=\count115
L3 Module: l3clist 2014/08/23 v5354 L3 Comma separated lists
L3 Module: l3token 2014/09/15 v5422 L3 Experimental token manipulation
L3 Module: l3prop 2014/08/23 v5354 L3 Property lists
L3 Module: l3msg 2015/02/26 v5537 L3 Messages
L3 Module: l3file 2015/06/07 v5627 L3 File and I/O operations
\l_iow_line_count_int=\count116
\l__iow_target_count_int=\count117
\l__iow_current_line_int=\count118
\l__iow_current_word_int=\count119
\l__iow_current_indentation_int=\count120
L3 Module: l3skip 2015/07/14 v5659 L3 Dimensions and skips
\c_zero_dim=\dimen130
\c_max_dim=\dimen131
\l_tmpa_dim=\dimen132
\l_tmpb_dim=\dimen133
\g_tmpa_dim=\dimen134
\g_tmpb_dim=\dimen135
\c_zero_skip=\skip48
\c_max_skip=\skip49
\l_tmpa_skip=\skip50
\l_tmpb_skip=\skip51
\g_tmpa_skip=\skip52
\g_tmpb_skip=\skip53
\c_zero_muskip=\muskip10
\c_max_muskip=\muskip11
\l_tmpa_muskip=\muskip12
\l_tmpb_muskip=\muskip13
\g_tmpa_muskip=\muskip14
\g_tmpb_muskip=\muskip15
L3 Module: l3keys 2015/07/15 v5665 L3 Key-value interfaces
\g__keyval_level_int=\count121
\l_keys_choice_int=\count122
L3 Module: l3fp 2015/07/09 v5652 L3 Floating points
\c__fp_leading_shift_int=\count123
\c__fp_middle_shift_int=\count124
\c__fp_trailing_shift_int=\count125
\c__fp_big_leading_shift_int=\count126
\c__fp_big_middle_shift_int=\count127
\c__fp_big_trailing_shift_int=\count128
\c__fp_Bigg_leading_shift_int=\count129
\c__fp_Bigg_middle_shift_int=\count130
\c__fp_Bigg_trailing_shift_int=\count131
L3 Module: l3box 2014/08/23 v5354 L3 Experimental boxes
\c_empty_box=\box34
\l_tmpa_box=\box35
\l_tmpb_box=\box36
\g_tmpa_box=\box37
\g_tmpb_box=\box38
L3 Module: l3coffins 2014/08/23 v5354 L3 Coffin code layer
\l__coffin_internal_box=\box39
\l__coffin_internal_dim=\dimen136
\l__coffin_offset_x_dim=\dimen137
\l__coffin_offset_y_dim=\dimen138
\l__coffin_x_dim=\dimen139
\l__coffin_y_dim=\dimen140
\l__coffin_x_prime_dim=\dimen141
\l__coffin_y_prime_dim=\dimen142
\c_empty_coffin=\box40
\l__coffin_aligned_coffin=\box41
\l__coffin_aligned_internal_coffin=\box42
\l_tmpa_coffin=\box43
\l_tmpb_coffin=\box44
\l__coffin_display_coffin=\box45
\l__coffin_display_coord_coffin=\box46
\l__coffin_display_pole_coffin=\box47
\l__coffin_display_offset_dim=\dimen143
\l__coffin_display_x_dim=\dimen144
\l__coffin_display_y_dim=\dimen145
L3 Module: l3color 2014/08/23 v5354 L3 Experimental color support
L3 Module: l3candidates 2015/05/21 v5613 L3 Experimental additions to l3kernel
\l__box_top_dim=\dimen146
\l__box_bottom_dim=\dimen147
\l__box_left_dim=\dimen148
\l__box_right_dim=\dimen149
\l__box_top_new_dim=\dimen150
\l__box_bottom_new_dim=\dimen151
\l__box_left_new_dim=\dimen152
\l__box_right_new_dim=\dimen153
\l__box_internal_box=\box48
\l__coffin_bounding_shift_dim=\dimen154
\l__coffin_left_corner_dim=\dimen155
\l__coffin_right_corner_dim=\dimen156
\l__coffin_bottom_corner_dim=\dimen157
\l__coffin_top_corner_dim=\dimen158
\l__coffin_scaled_total_height_dim=\dimen159
\l__coffin_scaled_width_dim=\dimen160
L3 Module: l3luatex 2015/06/30 v5646 L3 Experimental LuaTeX-specific functions
)
(/usr/local/texlive/2015/texmf-dist/tex/latex/l3kernel/l3unicode-data.def
File: l3unicode-data.def 2015/07/01 v5647 L3 Unicode data
)
(/usr/local/texlive/2015/texmf-dist/tex/latex/l3kernel/l3pdfmode.def
File: l3pdfmode.def 2015/06/30 v5646 L3 Experimental driver: PDF mode
\l__driver_color_stack_int=\count132
))
Package: xparse 2015/07/14 v5662 L3 Experimental document command parser
\l__xparse_current_arg_int=\count133
\l__xparse_m_args_int=\count134
\l__xparse_mandatory_args_int=\count135
\l__xparse_processor_int=\count136
\l__xparse_v_nesting_int=\count137
)
(/usr/local/texlive/2015/texmf-dist/tex/latex/oberdiek/zref-abspage.sty
Package: zref-abspage 2012/04/04 v2.24 Module abspage for zref (HO)

(/usr/local/texlive/2015/texmf-dist/tex/latex/oberdiek/zref-base.sty
Package: zref-base 2012/04/04 v2.24 Module base for zref (HO)

(/usr/local/texlive/2015/texmf-dist/tex/generic/oberdiek/kvdefinekeys.sty
Package: kvdefinekeys 2011/04/07 v1.3 Define keys (HO)
)
(/usr/local/texlive/2015/texmf-dist/tex/generic/oberdiek/pdftexcmds.sty
Package: pdftexcmds 2011/11/29 v0.20 Utility functions of pdfTeX for LuaTeX (HO
)

(/usr/local/texlive/2015/texmf-dist/tex/generic/oberdiek/ifpdf.sty
Package: ifpdf 2011/01/30 v2.3 Provides the ifpdf switch (HO)
Package ifpdf Info: pdfTeX in PDF mode is detected.
)
Package pdftexcmds Info: LuaTeX not detected.
Package pdftexcmds Info: \pdf@primitive is available.
Package pdftexcmds Info: \pdf@ifprimitive is available.
Package pdftexcmds Info: \pdfdraftmode found.
)
(/usr/local/texlive/2015/texmf-dist/tex/latex/oberdiek/auxhook.sty
Package: auxhook 2011/03/04 v1.3 Hooks for auxiliary files (HO)
)
Package zref Info: New property list: main on input line 759.
Package zref Info: New property: default on input line 760.
Package zref Info: New property: page on input line 761.
)
(/usr/local/texlive/2015/texmf-dist/tex/generic/oberdiek/atbegshi.sty
Package: atbegshi 2011/10/05 v1.16 At begin shipout hook (HO)
)
\c@abspage=\count138
Package zref Info: New property: abspage on input line 62.
)
(/usr/local/texlive/2015/texmf-dist/tex/latex/needspace/needspace.sty
Package: needspace 2010/09/12 v1.3d reserve vertical space
)
\mdf@templength=\skip54
\c@mdf@globalstyle@cnt=\count139
\mdf@skipabove@length=\skip55
\mdf@skipbelow@length=\skip56
\mdf@leftmargin@length=\skip57
\mdf@rightmargin@length=\skip58
\mdf@innerleftmargin@length=\skip59
\mdf@innerrightmargin@length=\skip60
\mdf@innertopmargin@length=\skip61
\mdf@innerbottommargin@length=\skip62
\mdf@splittopskip@length=\skip63
\mdf@splitbottomskip@length=\skip64
\mdf@outermargin@length=\skip65
\mdf@innermargin@length=\skip66
\mdf@linewidth@length=\skip67
\mdf@innerlinewidth@length=\skip68
\mdf@middlelinewidth@length=\skip69
\mdf@outerlinewidth@length=\skip70
\mdf@roundcorner@length=\skip71
\mdf@footenotedistance@length=\skip72
\mdf@userdefinedwidth@length=\skip73
\mdf@needspace@length=\skip74
\mdf@frametitleaboveskip@length=\skip75
\mdf@frametitlebelowskip@length=\skip76
\mdf@frametitlerulewidth@length=\skip77
\mdf@frametitleleftmargin@length=\skip78
\mdf@frametitlerightmargin@length=\skip79
\mdf@shadowsize@length=\skip80
\mdf@extratopheight@length=\skip81
\mdf@subtitleabovelinewidth@length=\skip82
\mdf@subtitlebelowlinewidth@length=\skip83
\mdf@subtitleaboveskip@length=\skip84
\mdf@subtitlebelowskip@length=\skip85
\mdf@subtitleinneraboveskip@length=\skip86
\mdf@subtitleinnerbelowskip@length=\skip87
\mdf@subsubtitleabovelinewidth@length=\skip88
\mdf@subsubtitlebelowlinewidth@length=\skip89
\mdf@subsubtitleaboveskip@length=\skip90
\mdf@subsubtitlebelowskip@length=\skip91
\mdf@subsubtitleinneraboveskip@length=\skip92
\mdf@subsubtitleinnerbelowskip@length=\skip93

(/usr/local/texlive/2015/texmf-dist/tex/latex/mdframed/md-frame-0.mdf
File: md-frame-0.mdf 2013/07/01\ 1.9b: md-frame-0
)
\mdf@frametitlebox=\box49
\mdf@footnotebox=\box50
\mdf@splitbox@one=\box51
\mdf@splitbox@two=\box52
\mdf@splitbox@save=\box53
\mdfsplitboxwidth=\skip94
\mdfsplitboxtotalwidth=\skip95
\mdfsplitboxheight=\skip96
\mdfsplitboxdepth=\skip97
\mdfsplitboxtotalheight=\skip98
\mdfframetitleboxwidth=\skip99
\mdfframetitleboxtotalwidth=\skip100
\mdfframetitleboxheight=\skip101
\mdfframetitleboxdepth=\skip102
\mdfframetitleboxtotalheight=\skip103
\mdffootnoteboxwidth=\skip104
\mdffootnoteboxtotalwidth=\skip105
\mdffootnoteboxheight=\skip106
\mdffootnoteboxdepth=\skip107
\mdffootnoteboxtotalheight=\skip108
\mdftotallinewidth=\skip109
\mdfboundingboxwidth=\skip110
\mdfboundingboxtotalwidth=\skip111
\mdfboundingboxheight=\skip112
\mdfboundingboxdepth=\skip113
\mdfboundingboxtotalheight=\skip114
\mdf@freevspace@length=\skip115
\mdf@horizontalwidthofbox@length=\skip116
\mdf@verticalmarginwhole@length=\skip117
\mdf@horizontalspaceofbox=\skip118
\mdfsubtitleheight=\skip119
\mdfsubsubtitleheight=\skip120
\c@mdfcountframes=\count140

****** mdframed patching \endmdf@trivlist

****** -- success******

.................................................
. LaTeX info: "xparse/define-command"
. 
. Defining command \newmdtheoremenv with sig. 'O{} m o m o ' on line 601.
.................................................
.................................................
. LaTeX info: "xparse/define-command"
. 
. Defining command \mdtheorem with sig. ' O{} m o m o ' on line 701.
.................................................
\mdf@envdepth=\count141
\c@mdf@env@i=\count142
\c@mdf@env@ii=\count143
\c@mdf@zref@counter=\count144
Package zref Info: New property: mdf@pagevalue on input line 895.
)
(/usr/local/texlive/2015/texmf-dist/tex/latex/pgf/frontendlayer/tikz.sty
(/usr/local/texlive/2015/texmf-dist/tex/latex/pgf/basiclayer/pgf.sty
(/usr/local/texlive/2015/texmf-dist/tex/latex/pgf/utilities/pgfrcs.sty
(/usr/local/texlive/2015/texmf-dist/tex/generic/pgf/utilities/pgfutil-common.te
x
\pgfutil@everybye=\toks22
\pgfutil@tempdima=\dimen161
\pgfutil@tempdimb=\dimen162

(/usr/local/texlive/2015/texmf-dist/tex/generic/pgf/utilities/pgfutil-common-li
sts.tex))
(/usr/local/texlive/2015/texmf-dist/tex/generic/pgf/utilities/pgfutil-latex.def
\pgfutil@abb=\box54
(/usr/local/texlive/2015/texmf-dist/tex/latex/ms/everyshi.sty
Package: everyshi 2001/05/15 v3.00 EveryShipout Package (MS)
))
(/usr/local/texlive/2015/texmf-dist/tex/generic/pgf/utilities/pgfrcs.code.tex
Package: pgfrcs 2013/12/20 v3.0.0 (rcs-revision 1.28)
))
Package: pgf 2013/12/18 v3.0.0 (rcs-revision 1.14)
(/usr/local/texlive/2015/texmf-dist/tex/latex/pgf/basiclayer/pgfcore.sty
(/usr/local/texlive/2015/texmf-dist/tex/latex/pgf/systemlayer/pgfsys.sty
(/usr/local/texlive/2015/texmf-dist/tex/generic/pgf/systemlayer/pgfsys.code.tex
Package: pgfsys 2013/11/30 v3.0.0 (rcs-revision 1.47)
(/usr/local/texlive/2015/texmf-dist/tex/generic/pgf/utilities/pgfkeys.code.tex
\pgfkeys@pathtoks=\toks23
\pgfkeys@temptoks=\toks24

(/usr/local/texlive/2015/texmf-dist/tex/generic/pgf/utilities/pgfkeysfiltered.c
ode.tex
\pgfkeys@tmptoks=\toks25
))
\pgf@x=\dimen163
\pgf@y=\dimen164
\pgf@xa=\dimen165
\pgf@ya=\dimen166
\pgf@xb=\dimen167
\pgf@yb=\dimen168
\pgf@xc=\dimen169
\pgf@yc=\dimen170
\w@pgf@writea=\write3
\r@pgf@reada=\read1
\c@pgf@counta=\count145
\c@pgf@countb=\count146
\c@pgf@countc=\count147
\c@pgf@countd=\count148
\t@pgf@toka=\toks26
\t@pgf@tokb=\toks27
\t@pgf@tokc=\toks28

(/usr/local/texlive/2015/texmf-dist/tex/generic/pgf/systemlayer/pgf.cfg
File: pgf.cfg 2008/05/14  (rcs-revision 1.7)
)
Driver file for pgf: pgfsys-pdftex.def

(/usr/local/texlive/2015/texmf-dist/tex/generic/pgf/systemlayer/pgfsys-pdftex.d
ef
File: pgfsys-pdftex.def 2013/07/18  (rcs-revision 1.33)

(/usr/local/texlive/2015/texmf-dist/tex/generic/pgf/systemlayer/pgfsys-common-p
df.def
File: pgfsys-common-pdf.def 2013/10/10  (rcs-revision 1.13)
)))
(/usr/local/texlive/2015/texmf-dist/tex/generic/pgf/systemlayer/pgfsyssoftpath.
code.tex
File: pgfsyssoftpath.code.tex 2013/09/09  (rcs-revision 1.9)
\pgfsyssoftpath@smallbuffer@items=\count149
\pgfsyssoftpath@bigbuffer@items=\count150
)
(/usr/local/texlive/2015/texmf-dist/tex/generic/pgf/systemlayer/pgfsysprotocol.
code.tex
File: pgfsysprotocol.code.tex 2006/10/16  (rcs-revision 1.4)
))
(/usr/local/texlive/2015/texmf-dist/tex/generic/pgf/basiclayer/pgfcore.code.tex
Package: pgfcore 2010/04/11 v3.0.0 (rcs-revision 1.7)
(/usr/local/texlive/2015/texmf-dist/tex/generic/pgf/math/pgfmath.code.tex
(/usr/local/texlive/2015/texmf-dist/tex/generic/pgf/math/pgfmathcalc.code.tex
(/usr/local/texlive/2015/texmf-dist/tex/generic/pgf/math/pgfmathutil.code.tex)
(/usr/local/texlive/2015/texmf-dist/tex/generic/pgf/math/pgfmathparser.code.tex
\pgfmath@dimen=\dimen171
\pgfmath@count=\count151
\pgfmath@box=\box55
\pgfmath@toks=\toks29
\pgfmath@stack@operand=\toks30
\pgfmath@stack@operation=\toks31
)
(/usr/local/texlive/2015/texmf-dist/tex/generic/pgf/math/pgfmathfunctions.code.
tex
(/usr/local/texlive/2015/texmf-dist/tex/generic/pgf/math/pgfmathfunctions.basic
.code.tex)
(/usr/local/texlive/2015/texmf-dist/tex/generic/pgf/math/pgfmathfunctions.trigo
nometric.code.tex)
(/usr/local/texlive/2015/texmf-dist/tex/generic/pgf/math/pgfmathfunctions.rando
m.code.tex)
(/usr/local/texlive/2015/texmf-dist/tex/generic/pgf/math/pgfmathfunctions.compa
rison.code.tex)
(/usr/local/texlive/2015/texmf-dist/tex/generic/pgf/math/pgfmathfunctions.base.
code.tex)
(/usr/local/texlive/2015/texmf-dist/tex/generic/pgf/math/pgfmathfunctions.round
.code.tex)
(/usr/local/texlive/2015/texmf-dist/tex/generic/pgf/math/pgfmathfunctions.misc.
code.tex)
(/usr/local/texlive/2015/texmf-dist/tex/generic/pgf/math/pgfmathfunctions.integ
erarithmetics.code.tex)))
(/usr/local/texlive/2015/texmf-dist/tex/generic/pgf/math/pgfmathfloat.code.tex
\c@pgfmathroundto@lastzeros=\count152
))
(/usr/local/texlive/2015/texmf-dist/tex/generic/pgf/basiclayer/pgfcorepoints.co
de.tex
File: pgfcorepoints.code.tex 2013/10/07  (rcs-revision 1.27)
\pgf@picminx=\dimen172
\pgf@picmaxx=\dimen173
\pgf@picminy=\dimen174
\pgf@picmaxy=\dimen175
\pgf@pathminx=\dimen176
\pgf@pathmaxx=\dimen177
\pgf@pathminy=\dimen178
\pgf@pathmaxy=\dimen179
\pgf@xx=\dimen180
\pgf@xy=\dimen181
\pgf@yx=\dimen182
\pgf@yy=\dimen183
\pgf@zx=\dimen184
\pgf@zy=\dimen185
)
(/usr/local/texlive/2015/texmf-dist/tex/generic/pgf/basiclayer/pgfcorepathconst
ruct.code.tex
File: pgfcorepathconstruct.code.tex 2013/10/07  (rcs-revision 1.29)
\pgf@path@lastx=\dimen186
\pgf@path@lasty=\dimen187
)
(/usr/local/texlive/2015/texmf-dist/tex/generic/pgf/basiclayer/pgfcorepathusage
.code.tex
File: pgfcorepathusage.code.tex 2013/12/13  (rcs-revision 1.23)
\pgf@shorten@end@additional=\dimen188
\pgf@shorten@start@additional=\dimen189
)
(/usr/local/texlive/2015/texmf-dist/tex/generic/pgf/basiclayer/pgfcorescopes.co
de.tex
File: pgfcorescopes.code.tex 2013/10/09  (rcs-revision 1.44)
\pgfpic=\box56
\pgf@hbox=\box57
\pgf@layerbox@main=\box58
\pgf@picture@serial@count=\count153
)
(/usr/local/texlive/2015/texmf-dist/tex/generic/pgf/basiclayer/pgfcoregraphicst
ate.code.tex
File: pgfcoregraphicstate.code.tex 2013/09/19  (rcs-revision 1.11)
\pgflinewidth=\dimen190
)
(/usr/local/texlive/2015/texmf-dist/tex/generic/pgf/basiclayer/pgfcoretransform
ations.code.tex
File: pgfcoretransformations.code.tex 2013/10/10  (rcs-revision 1.17)
\pgf@pt@x=\dimen191
\pgf@pt@y=\dimen192
\pgf@pt@temp=\dimen193
)
(/usr/local/texlive/2015/texmf-dist/tex/generic/pgf/basiclayer/pgfcorequick.cod
e.tex
File: pgfcorequick.code.tex 2008/10/09  (rcs-revision 1.3)
)
(/usr/local/texlive/2015/texmf-dist/tex/generic/pgf/basiclayer/pgfcoreobjects.c
ode.tex
File: pgfcoreobjects.code.tex 2006/10/11  (rcs-revision 1.2)
)
(/usr/local/texlive/2015/texmf-dist/tex/generic/pgf/basiclayer/pgfcorepathproce
ssing.code.tex
File: pgfcorepathprocessing.code.tex 2013/09/09  (rcs-revision 1.9)
)
(/usr/local/texlive/2015/texmf-dist/tex/generic/pgf/basiclayer/pgfcorearrows.co
de.tex
File: pgfcorearrows.code.tex 2013/11/07  (rcs-revision 1.40)
\pgfarrowsep=\dimen194
)
(/usr/local/texlive/2015/texmf-dist/tex/generic/pgf/basiclayer/pgfcoreshade.cod
e.tex
File: pgfcoreshade.code.tex 2013/07/15  (rcs-revision 1.15)
\pgf@max=\dimen195
\pgf@sys@shading@range@num=\count154
)
(/usr/local/texlive/2015/texmf-dist/tex/generic/pgf/basiclayer/pgfcoreimage.cod
e.tex
File: pgfcoreimage.code.tex 2013/07/15  (rcs-revision 1.18)

(/usr/local/texlive/2015/texmf-dist/tex/generic/pgf/basiclayer/pgfcoreexternal.
code.tex
File: pgfcoreexternal.code.tex 2013/07/15  (rcs-revision 1.20)
\pgfexternal@startupbox=\box59
))
(/usr/local/texlive/2015/texmf-dist/tex/generic/pgf/basiclayer/pgfcorelayers.co
de.tex
File: pgfcorelayers.code.tex 2013/07/18  (rcs-revision 1.7)
)
(/usr/local/texlive/2015/texmf-dist/tex/generic/pgf/basiclayer/pgfcoretranspare
ncy.code.tex
File: pgfcoretransparency.code.tex 2013/09/30  (rcs-revision 1.5)
)
(/usr/local/texlive/2015/texmf-dist/tex/generic/pgf/basiclayer/pgfcorepatterns.
code.tex
File: pgfcorepatterns.code.tex 2013/11/07  (rcs-revision 1.5)
)))
(/usr/local/texlive/2015/texmf-dist/tex/generic/pgf/modules/pgfmoduleshapes.cod
e.tex
File: pgfmoduleshapes.code.tex 2013/10/31  (rcs-revision 1.34)
\pgfnodeparttextbox=\box60
)
(/usr/local/texlive/2015/texmf-dist/tex/generic/pgf/modules/pgfmoduleplot.code.
tex
File: pgfmoduleplot.code.tex 2013/07/31  (rcs-revision 1.12)
)
(/usr/local/texlive/2015/texmf-dist/tex/latex/pgf/compatibility/pgfcomp-version
-0-65.sty
Package: pgfcomp-version-0-65 2007/07/03 v3.0.0 (rcs-revision 1.7)
\pgf@nodesepstart=\dimen196
\pgf@nodesepend=\dimen197
)
(/usr/local/texlive/2015/texmf-dist/tex/latex/pgf/compatibility/pgfcomp-version
-1-18.sty
Package: pgfcomp-version-1-18 2007/07/23 v3.0.0 (rcs-revision 1.1)
))
(/usr/local/texlive/2015/texmf-dist/tex/latex/pgf/utilities/pgffor.sty
(/usr/local/texlive/2015/texmf-dist/tex/latex/pgf/utilities/pgfkeys.sty
(/usr/local/texlive/2015/texmf-dist/tex/generic/pgf/utilities/pgfkeys.code.tex)
) (/usr/local/texlive/2015/texmf-dist/tex/latex/pgf/math/pgfmath.sty
(/usr/local/texlive/2015/texmf-dist/tex/generic/pgf/math/pgfmath.code.tex))
(/usr/local/texlive/2015/texmf-dist/tex/generic/pgf/utilities/pgffor.code.tex
Package: pgffor 2013/12/13 v3.0.0 (rcs-revision 1.25)

(/usr/local/texlive/2015/texmf-dist/tex/generic/pgf/math/pgfmath.code.tex)
\pgffor@iter=\dimen198
\pgffor@skip=\dimen199
\pgffor@stack=\toks32
\pgffor@toks=\toks33
))
(/usr/local/texlive/2015/texmf-dist/tex/generic/pgf/frontendlayer/tikz/tikz.cod
e.tex
Package: tikz 2013/12/13 v3.0.0 (rcs-revision 1.142)

(/usr/local/texlive/2015/texmf-dist/tex/generic/pgf/libraries/pgflibraryplothan
dlers.code.tex
File: pgflibraryplothandlers.code.tex 2013/08/31 v3.0.0 (rcs-revision 1.20)
\pgf@plot@mark@count=\count155
\pgfplotmarksize=\dimen200
)
\tikz@lastx=\dimen201
\tikz@lasty=\dimen202
\tikz@lastxsaved=\dimen203
\tikz@lastysaved=\dimen204
\tikzleveldistance=\dimen205
\tikzsiblingdistance=\dimen206
\tikz@figbox=\box61
\tikz@figbox@bg=\box62
\tikz@tempbox=\box63
\tikz@tempbox@bg=\box64
\tikztreelevel=\count156
\tikznumberofchildren=\count157
\tikznumberofcurrentchild=\count158
\tikz@fig@count=\count159

(/usr/local/texlive/2015/texmf-dist/tex/generic/pgf/modules/pgfmodulematrix.cod
e.tex
File: pgfmodulematrix.code.tex 2013/09/17  (rcs-revision 1.8)
\pgfmatrixcurrentrow=\count160
\pgfmatrixcurrentcolumn=\count161
\pgf@matrix@numberofcolumns=\count162
)
\tikz@expandcount=\count163

(/usr/local/texlive/2015/texmf-dist/tex/generic/pgf/frontendlayer/tikz/librarie
s/tikzlibrarytopaths.code.tex
File: tikzlibrarytopaths.code.tex 2008/06/17 v3.0.0 (rcs-revision 1.2)
))) (./bilder/delfin.tex
(/usr/local/texlive/2015/texmf-dist/tex/generic/pgf/frontendlayer/tikz/librarie
s/tikzlibrarysvg.path.code.tex
File: tikzlibrarysvg.path.code.tex 2013/09/23 v3.0.0 (rcs-revision 1.2)

(/usr/local/texlive/2015/texmf-dist/tex/generic/pgf/libraries/pgflibrarysvg.pat
h.code.tex
File: pgflibrarysvg.path.code.tex 2013/09/23 v3.0.0 (rcs-revision 1.7)

(/usr/local/texlive/2015/texmf-dist/tex/generic/pgf/modules/pgfmoduleparser.cod
e.tex
File: pgfmoduleparser.code.tex 2013/07/15 v3.0.0 (rcs-revision 1.2)
)
\pgf@lib@svg@last@x=\dimen207
\pgf@lib@svg@last@y=\dimen208
\pgf@lib@svg@last@c@x=\dimen209
\pgf@lib@svg@last@c@y=\dimen210
\pgf@lib@svg@count=\count164
\pgf@lib@svg@max@num=\count165
))) (/usr/local/texlive/2015/texmf-dist/tex/latex/verse/verse.sty
Package: verse 2009/09/04 v2.4a verse typesetting
\c@vslineno=\count166
\c@poemline=\count167
\c@fvsline=\count168
\c@modulo@vs=\count169
\c@verse@envctr=\count170
\versewidth=\skip121
\vgap=\skip122
\vindent=\skip123
\stanzaskip=\skip124
\vleftskip=\skip125
\vrightskip=\skip126
\c@chrsinstr=\count171
\beforepoemtitleskip=\skip127
\afterpoemtitleskip=\skip128
)
(/usr/local/texlive/2015/texmf-dist/tex/latex/skull/skull.sty
Package: skull 2002/01/23 v0.1 (c) Henrik Christian Grove <grove@math.ku.dk>
\symSKULL=\mathgroup4
)
(/usr/local/texlive/2015/texmf-dist/tex/latex/wasysym/wasysym.sty
Package: wasysym 2003/10/30 v2.0 Wasy-2 symbol support package
\symwasy=\mathgroup5
LaTeX Font Info:    Overwriting symbol font `wasy' in version `bold'
(Font)                  U/wasy/m/n --> U/wasy/b/n on input line 90.
)
(/usr/local/texlive/2015/texmf-dist/tex/latex/archaic/hieroglf.sty
Package: hieroglf 2015/06/02 v1.4 package for poor mans hieroglyphs

(/usr/local/texlive/2015/texmf-dist/tex/latex/archaic/oands.sty
Package: oands 2000/08/19 v1.0 package for OandS fonts
)
\c@rthm=\skip129
\c@rtbox=\box65
\c@rtht=\dimen211
)
(/usr/local/texlive/2015/texmf-dist/tex/latex/initials/Typocaps.fd
File: Typocaps.fd 2003/04/02 Font definition file for U/Typocaps
)
(/usr/local/texlive/2015/texmf-dist/tex/latex/yfonts/yfonts.sty
Package: yfonts 2003/01/08 v1.3 (WaS)
Now handling font encoding LY ...
... no UTF-8 mapping file for font encoding LY
Now handling font encoding LYG ...
... no UTF-8 mapping file for font encoding LYG
)
DIV calculation for typearea with good linewidth.
LaTeX Font Info:    Try loading font information for T1+Quattrocento-TLF on inp
ut line 78.

(/usr/local/texlive/2015/texmf-dist/tex/latex/quattrocento/T1Quattrocento-TLF.f
d
File: T1Quattrocento-TLF.fd 2012/11/07 (autoinst) Font definitions for T1/Quatt
rocento-TLF.
)
LaTeX Font Info:    Font shape `T1/Quattrocento-TLF/m/n' will be
(Font)              scaled to size 13.0pt on input line 78.


Package typearea Warning: Maybe no optimal type area settings!
(typearea)                The maximum limit of line width is about 28%
(typearea)                larger than the heuristically detected line width.
(typearea)                You may e.g. increase DIV, decrease fontsize
(typearea)                or change the papersize.

Package typearea Info: These are the values describing the layout:
(typearea)             DIV  = 12
(typearea)             BCOR = 0.0pt
(typearea)             \paperwidth      = 421.10083pt
(typearea)              \textwidth      = 315.82562pt
(typearea)              DIV departure   = 28%
(typearea)              \evensidemargin = -2.08652pt
(typearea)              \oddsidemargin  = -37.17825pt
(typearea)             \paperheight     = 597.50793pt
(typearea)              \textheight     = 449.79889pt
(typearea)              \topmargin      = -65.37753pt
(typearea)              \headheight     = 19.49994pt
(typearea)              \headsep        = 23.39993pt
(typearea)              \topskip        = 13.0pt
(typearea)              \footskip       = 54.59984pt
(typearea)              \baselineskip   = 15.59996pt
(typearea)              on input line 78.
Package csquotes Info: Checking for multilingual support...
Package csquotes Info: ... found 'babel' package.
Package csquotes Info: Adjusting default style.
Package csquotes Info: Redefining alias 'default' -> 'ngerman'.
(./binder.aux)
\openout1 = `binder.aux'.

LaTeX Font Info:    Checking defaults for OML/cmm/m/it on input line 80.
LaTeX Font Info:    ... okay on input line 80.
LaTeX Font Info:    Checking defaults for T1/cmr/m/n on input line 80.
LaTeX Font Info:    ... okay on input line 80.
LaTeX Font Info:    Checking defaults for OT1/cmr/m/n on input line 80.
LaTeX Font Info:    ... okay on input line 80.
LaTeX Font Info:    Checking defaults for OMS/cmsy/m/n on input line 80.
LaTeX Font Info:    ... okay on input line 80.
LaTeX Font Info:    Checking defaults for OMX/cmex/m/n on input line 80.
LaTeX Font Info:    ... okay on input line 80.
LaTeX Font Info:    Checking defaults for U/cmr/m/n on input line 80.
LaTeX Font Info:    ... okay on input line 80.
LaTeX Font Info:    Checking defaults for TS1/cmr/m/n on input line 80.
LaTeX Font Info:    Try loading font information for TS1+cmr on input line 80.
 (/usr/local/texlive/2015/texmf-dist/tex/latex/base/ts1cmr.fd
File: ts1cmr.fd 2014/09/29 v2.5h Standard LaTeX font definitions
)
LaTeX Font Info:    ... okay on input line 80.
LaTeX Font Info:    Checking defaults for LY/yfrak/m/n on input line 80.
LaTeX Font Info:    ... okay on input line 80.
LaTeX Font Info:    Checking defaults for LYG/ygoth/m/n on input line 80.
LaTeX Font Info:    ... okay on input line 80.
\c@mv@tabular=\count172
\c@mv@boldtabular=\count173

(/usr/local/texlive/2015/texmf-dist/tex/context/base/supp-pdf.mkii
[Loading MPS to PDF converter (version 2006.09.02).]
\scratchcounter=\count174
\scratchdimen=\dimen212
\scratchbox=\box66
\nofMPsegments=\count175
\nofMParguments=\count176
\everyMPshowfont=\toks34
\MPscratchCnt=\count177
\MPscratchDim=\dimen213
\MPnumerator=\count178
\makeMPintoPDFobject=\count179
\everyMPtoPDFconversion=\toks35
) (/usr/local/texlive/2015/texmf-dist/tex/latex/oberdiek/epstopdf-base.sty
Package: epstopdf-base 2010/02/09 v2.5 Base part for package epstopdf

(/usr/local/texlive/2015/texmf-dist/tex/latex/oberdiek/grfext.sty
Package: grfext 2010/08/19 v1.1 Manage graphics extensions (HO)
)
Package grfext Info: Graphics extension search list:
(grfext)             [.png,.pdf,.jpg,.mps,.jpeg,.jbig2,.jb2,.PNG,.PDF,.JPG,.JPE
G,.JBIG2,.JB2,.eps]
(grfext)             \AppendGraphicsExtensions on input line 452.

(/usr/local/texlive/2015/texmf-dist/tex/latex/latexconfig/epstopdf-sys.cfg
File: epstopdf-sys.cfg 2010/07/13 v1.3 Configuration of (r)epstopdf for TeX Liv
e
))
\AtBeginShipoutBox=\box67

ABD: EveryShipout initializing macros
<bilder/inlet.pdf, id=4, 455.69pt x 748.96396pt>
File: bilder/inlet.pdf Graphic file (type pdf)
 <use bilder/inlet.pdf>
Package pdftex.def Info: bilder/inlet.pdf used on input line 83.
(pdftex.def)             Requested size: 273.67337pt x 449.79889pt.

[1



 <./bilder/inlet.pdf>] (./tabea.tex
<bilder/titelbild.pdf, id=42, 597.50786pt x 845.04686pt>
File: bilder/titelbild.pdf Graphic file (type pdf)

<use bilder/titelbild.pdf>
Package pdftex.def Info: bilder/titelbild.pdf used on input line 1.
(pdftex.def)             Requested size: 315.82063pt x 449.79396pt.
 [2 <./bilder/titelbild.pdf>]
LaTeX Font Info:    Try loading font information for T1+QuattrocentoSans-TLF on
 input line 1.

(/usr/local/texlive/2015/texmf-dist/tex/latex/quattrocento/T1QuattrocentoSans-T
LF.fd
File: T1QuattrocentoSans-TLF.fd 2012/11/07 (autoinst) Font definitions for T1/Q
uattrocentoSans-TLF.
)
LaTeX Font Info:    Font shape `T1/QuattrocentoSans-TLF/m/n' will be
(Font)              scaled to size 13.0pt on input line 1.
LaTeX Font Info:    Font shape `T1/QuattrocentoSans-TLF/bx/n' in size <13> not 
available
(Font)              Font shape `T1/QuattrocentoSans-TLF/b/n' tried instead on i
nput line 1.
LaTeX Font Info:    Font shape `T1/QuattrocentoSans-TLF/b/n' will be
(Font)              scaled to size 13.0pt on input line 1.
LaTeX Font Info:    Font shape `T1/QuattrocentoSans-TLF/bx/n' in size <26.96207
> not available
(Font)              Font shape `T1/QuattrocentoSans-TLF/b/n' tried instead on i
nput line 1.
LaTeX Font Info:    Font shape `T1/QuattrocentoSans-TLF/b/n' will be
(Font)              scaled to size 26.96207pt on input line 1.
LaTeX Font Info:    Font shape `T1/Quattrocento-TLF/bx/n' in size <26.96207> no
t available
(Font)              Font shape `T1/Quattrocento-TLF/b/n' tried instead on input
 line 1.
LaTeX Font Info:    Font shape `T1/Quattrocento-TLF/b/n' will be
(Font)              scaled to size 26.96207pt on input line 1.
LaTeX Font Info:    Font shape `T1/Quattrocento-TLF/bx/n' in size <32.34409> no
t available
(Font)              Font shape `T1/Quattrocento-TLF/b/n' tried instead on input
 line 1.
LaTeX Font Info:    Font shape `T1/Quattrocento-TLF/b/n' will be
(Font)              scaled to size 32.34409pt on input line 1.
LaTeX Font Info:    Font shape `T1/Quattrocento-TLF/bx/it' in size <32.34409> n
ot available
(Font)              Font shape `T1/Quattrocento-TLF/b/it' tried instead on inpu
t line 1.
LaTeX Font Info:    Font shape `T1/Quattrocento-TLF/b/it' will be
(Font)              scaled to size 32.34409pt on input line 1.
LaTeX Font Info:    Font shape `T1/Quattrocento-TLF/bx/it' in size <26.96207> n
ot available
(Font)              Font shape `T1/Quattrocento-TLF/b/it' tried instead on inpu
t line 1.
LaTeX Font Info:    Font shape `T1/Quattrocento-TLF/b/it' will be
(Font)              scaled to size 26.96207pt on input line 1.
LaTeX Font Info:    Try loading font information for T1+frc on input line 1.
 (/usr/local/texlive/2015/texmf-dist/tex/latex/frcursive/t1frc.fd
File: t1frc.fd 2004/06/12 French Cursive font definition
)

LaTeX Font Warning: Font shape `T1/Quattrocento-TLF/m/sc' undefined
(Font)              using `T1/Quattrocento-TLF/m/n' instead on input line 3.

LaTeX Font Info:    Font shape `T1/Quattrocento-TLF/m/sc' will be
(Font)              scaled to size 13.0pt on input line 3.

Underfull \hbox (badness 2600) in paragraph at lines 3--4
[][] \T1/Quattrocento-TLF/m/sc/13 Tim-petam-pe sitzt im Sand-kas-ten und
 []

LaTeX Font Info:    Font shape `T1/Quattrocento-TLF/m/sl' in size <13> not avai
lable
(Font)              Font shape `T1/Quattrocento-TLF/m/it' tried instead on inpu
t line 10.
LaTeX Font Info:    Font shape `T1/Quattrocento-TLF/m/it' will be
(Font)              scaled to size 13.0pt on input line 10.
LaTeX Font Info:    Calculating math sizes for size <13> on input line 10.

LaTeX Font Warning: Font shape `OT1/cmr/m/n' in size <6.5> not available
(Font)              size <6> substituted on input line 10.


LaTeX Font Warning: Font shape `OML/cmm/m/it' in size <13> not available
(Font)              size <12> substituted on input line 10.


LaTeX Font Warning: Font shape `OML/cmm/m/it' in size <6.5> not available
(Font)              size <6> substituted on input line 10.


LaTeX Font Warning: Font shape `OMS/cmsy/m/n' in size <13> not available
(Font)              size <12> substituted on input line 10.


LaTeX Font Warning: Font shape `OMS/cmsy/m/n' in size <6.5> not available
(Font)              size <6> substituted on input line 10.

LaTeX Font Info:    External font `cmex10' loaded for size
(Font)              <13> on input line 10.
LaTeX Font Info:    External font `cmex10' loaded for size
(Font)              <9.09996> on input line 10.
LaTeX Font Info:    External font `cmex10' loaded for size
(Font)              <6.5> on input line 10.
LaTeX Font Info:    Try loading font information for U+wasy on input line 10.
(/usr/local/texlive/2015/texmf-dist/tex/latex/wasysym/uwasy.fd
File: uwasy.fd 2003/10/30 v2.0 Wasy-2 symbol font definitions
)

LaTeX Font Warning: Font shape `U/wasy/m/n' in size <13> not available
(Font)              size <12> substituted on input line 10.


LaTeX Font Warning: Font shape `U/wasy/m/n' in size <6.5> not available
(Font)              size <6> substituted on input line 10.

LaTeX Font Info:    Font shape `T1/Quattrocento-TLF/bx/n' in size <13> not avai
lable
(Font)              Font shape `T1/Quattrocento-TLF/b/n' tried instead on input
 line 10.
LaTeX Font Info:    Font shape `T1/Quattrocento-TLF/b/n' will be
(Font)              scaled to size 13.0pt on input line 10.
[3


{/usr/local/texlive/2015/texmf-var/fonts/map/pdftex/updmap/pdftex.map}]
Underfull \hbox (badness 2495) in paragraph at lines 15--16
[]\T1/Quattrocento-TLF/m/sc/13 Tabea Tim-petam-pe staunt ber-haupt nicht, dass

 []

LaTeX Font Info:    Try loading font information for U+futs on input line 18.
(/usr/local/texlive/2015/texmf-dist/tex/latex/fourier/ufuts.fd
File: ufuts.fd 2004/03/26 Fontinst v1.926 font definitions for U/futs.
) [4] [5]
<bilder/1schnecke.pdf, id=66, 324.4821pt x 200.64331pt>
File: bilder/1schnecke.pdf Graphic file (type pdf)

<use bilder/1schnecke.pdf>
Package pdftex.def Info: bilder/1schnecke.pdf used on input line 36.
(pdftex.def)             Requested size: 315.82562pt x 195.2973pt.
 [6 <./bilder/1schnecke.pdf>]
Underfull \hbox (badness 1983) in paragraph at lines 36--37
[]\T1/Quattrocento-TLF/m/sc/13 ^^S  Bit-te-schn!, Ih-re ei-ge-ne Burg.^^T, er-
klrt sie. Herr
 []


Underfull \hbox (badness 1092) in paragraph at lines 36--37
\T1/Quattrocento-TLF/m/sc/13 Hus-ler wird sicht-bar grs-ser vor Stolz. Ei-ne 
ei-ge-
 []


Underfull \vbox (badness 1515) has occurred while \output is active []

 [7

])
(./stift.tex [8] [9] [10

] [11] [12]
LaTeX Font Info:    Font shape `T1/Quattrocento-TLF/m/n' will be
(Font)              scaled to size 15.59996pt on input line 37.
LaTeX Font Info:    Font shape `T1/Quattrocento-TLF/m/it' will be
(Font)              scaled to size 15.59996pt on input line 38.
 [13]
<bilder/loewenalarm.pdf, id=99, 845.04686pt x 597.50786pt>
File: bilder/loewenalarm.pdf Graphic file (type pdf)

<use bilder/loewenalarm.pdf>
Package pdftex.def Info: bilder/loewenalarm.pdf used on input line 43.
(pdftex.def)             Requested size: 315.82156pt x 314.8542pt.
 [14 <./bilder/loewenalarm.pdf>]) (./clown.tex
[15

] [16

]
Underfull \hbox (badness 1412) in paragraph at lines 3--10
[][] \T1/Quattrocento-TLF/m/sc/13 und sei-ne El-tern kom-men ge-ra-de vom
 []

[17] [18] [19] <bilder/clown.pdf, id=124, 845.04686pt x 597.50786pt>
File: bilder/clown.pdf Graphic file (type pdf)

<use bilder/clown.pdf>
Package pdftex.def Info: bilder/clown.pdf used on input line 55.
(pdftex.def)             Requested size: 315.82562pt x 223.30817pt.
 [20 <./bilder/clown.pdf>]
Overfull \hbox (7.13307pt too wide) in paragraph at lines 56--62
\T1/Quattrocento-TLF/m/sc/13 im-mer wie-der an ihm hoch und ver-sucht ihn zu sc
hnap-
 []

[21

] [22] <bilder/clown2.pdf, id=140, 834.35107pt x 517.87318pt>
File: bilder/clown2.pdf Graphic file (type pdf)

<use bilder/clown2.pdf>
Package pdftex.def Info: bilder/clown2.pdf used on input line 84.
(pdftex.def)             Requested size: 315.82562pt x 196.02734pt.
 [23 <./bilder/clown2.pdf>]) (./pinarella.tex [24

]
LaTeX Font Info:    Font shape `T1/Quattrocento-TLF/bx/it' in size <11.86258> n
ot available
(Font)              Font shape `T1/Quattrocento-TLF/b/it' tried instead on inpu
t line 1.
LaTeX Font Info:    Font shape `T1/Quattrocento-TLF/b/it' will be
(Font)              scaled to size 11.86258pt on input line 1.

[25

] [26] <bilder/pinarella.pdf, id=161, 414.96434pt x 417.05571pt>
File: bilder/pinarella.pdf Graphic file (type pdf)

<use bilder/pinarella.pdf>
Package pdftex.def Info: bilder/pinarella.pdf used on input line 20.
(pdftex.def)             Requested size: 315.82562pt x 317.43654pt.
 [27 <./bilder/pinarella.pdf>] [28

] [29]
Underfull \hbox (badness 1178) in paragraph at lines 44--45
[]\T1/Quattrocento-TLF/m/sc/13 Mit ei-nem lei-sen \T1/Quattrocento-TLF/m/it/13 
Plopp \T1/Quattrocento-TLF/m/sc/13 lan-de-te Pi-na-rel-la auf der
 []

[30]) (./schneekoenigin.tex [31] [32

] [33]
Underfull \hbox (badness 1552) in paragraph at lines 39--40
\T1/Quattrocento-TLF/m/sc/13 et-was ber-zeu-gen-des, denn die guck-te im-mer d
ie
 []

[34] <bilder/schneekoenigin.pdf, id=194, 797.80983pt x 543.74805pt>
File: bilder/schneekoenigin.pdf Graphic file (type pdf)

<use bilder/schneekoenigin.pdf>
Package pdftex.def Info: bilder/schneekoenigin.pdf used on input line 40.
(pdftex.def)             Requested size: 315.82562pt x 215.25519pt.
 [35 <./bilder/schneekoenigin.pdf>]
Underfull \hbox (badness 1062) in paragraph at lines 52--53
\T1/Quattrocento-TLF/m/sc/13 Eis-klotz war so gross, dass wenn er in den S-den

 []

[36

]
Overfull \hbox (0.96884pt too wide) in paragraph at lines 62--66
[]\T1/Quattrocento-TLF/m/sc/13 Und das Re-sul-tat schmeck-te wun-der-bar. Die S
chnee-
 []

) (./delphine.tex [37] [38

] [39]
LaTeX Font Info:    Font shape `T1/Quattrocento-TLF/m/n' will be
(Font)              scaled to size 32.34409pt on input line 22.
 [40] [41] [42] [43] [44] [45] [46]
Overfull \hbox (4.1409pt too wide) in paragraph at lines 73--74
[]\T1/Quattrocento-TLF/m/sc/13 Sie schwam-men im-mer wei-ter und wei-ter und ta
uch-
 []


Underfull \hbox (badness 1038) in paragraph at lines 73--74
\T1/Quattrocento-TLF/m/sc/13 der-schn, denn ber-all glit-zer-ten und glnz-te
n die
 []


Underfull \hbox (badness 1043) in paragraph at lines 77--78
\T1/Quattrocento-TLF/m/sc/13 und zeig-te sei-ne ge-fhr-li-chen Zh-ne. Aber Fr
i-do-lin
 []

[47]
Underfull \hbox (badness 1629) in paragraph at lines 79--80
[]\T1/Quattrocento-TLF/m/sc/13 Die fnf Freun-de hat-ten den Ein-gang zur Hh-l
e
 []


Overfull \hbox (2.28401pt too wide) in paragraph at lines 79--80
\T1/Quattrocento-TLF/m/sc/13 mit-be-kom-men. Dort schwam-men sie hin-ein und ko
nn-
 []

[48] <bilder/oma1.pdf, id=245, 845.04686pt x 597.50786pt>
File: bilder/oma1.pdf Graphic file (type pdf)

<use bilder/oma1.pdf>
Package pdftex.def Info: bilder/oma1.pdf used on input line 93.
(pdftex.def)             Requested size: 315.82562pt x 223.30817pt.
 [49 <./bilder/oma1.pdf>]
Underfull \hbox (badness 1412) in paragraph at lines 96--97
[]\T1/Quattrocento-TLF/m/sc/13 Die fnf Freun-de schlan-gen die Fi-sche her-un-
ter.
 []

[50

] [51] [52]
Underfull \vbox (badness 1371) has occurred while \output is active []

 [53]
[54]
Underfull \hbox (badness 1189) in paragraph at lines 152--153
[]\T1/Quattrocento-TLF/m/sc/13 ^^S  Das ha-ben die Er-wach-se-nen von ih-ren Re
-geln^^T,
 []


Underfull \hbox (badness 1102) in paragraph at lines 152--153
\T1/Quattrocento-TLF/m/sc/13 dach-te Ni-na, ^^S  Jetzt ken-ne ich mich gar nich
t aus!^^T
 []


Underfull \hbox (badness 1142) in paragraph at lines 152--153
\T1/Quattrocento-TLF/m/sc/13 ein gros-ses Stck be-kom-men. Et-was da-von knn-
te
 []


Underfull \hbox (badness 1231) in paragraph at lines 154--155
[]\T1/Quattrocento-TLF/m/sc/13 ^^S  Aber na-tr-lich!^^T rief sie, den Kof-fer 
hat-te sie ja
 []

[55]
Underfull \hbox (badness 1325) in paragraph at lines 164--165
[]\T1/Quattrocento-TLF/m/sc/13 Nach dem Es-sen fin-gen al-le sehr an-ge-strengt
 an
 []

[56]
Underfull \hbox (badness 1661) in paragraph at lines 174--175
[]\T1/Quattrocento-TLF/m/sc/13 Ein kleb-ri-ger Ge-schmack mach-te sich in sei-n
em
 []

[57] [58]
Overfull \hbox (0.21487pt too wide) in paragraph at lines 192--193
[]\T1/Quattrocento-TLF/m/sc/13 Als das Fest vor-ber war, wa-ren Ro-sa und ih-r
e Freun-
 []

[59] <bilder/delphin.pdf, id=286, 845.04686pt x 597.50786pt>
File: bilder/delphin.pdf Graphic file (type pdf)

<use bilder/delphin.pdf>
Package pdftex.def Info: bilder/delphin.pdf used on input line 197.
(pdftex.def)             Requested size: 315.82562pt x 223.30817pt.
 [60 <./bilder/delphin.pdf>]) (./maus.tex [61

] [62

]
[63] [64] <bilder/1mausFee.pdf, id=308, 845.04686pt x 597.50786pt>
File: bilder/1mausFee.pdf Graphic file (type pdf)

<use bilder/1mausFee.pdf>
Package pdftex.def Info: bilder/1mausFee.pdf used on input line 20.
(pdftex.def)             Requested size: 315.82562pt x 223.30817pt.
 [65 <./bilder/1mausFee.pdf>] [66

] [67] [68] [69]
Underfull \hbox (badness 1803) in paragraph at lines 57--58
\T1/Quattrocento-TLF/m/sc/13 ei-ge-nen La-den auf-ge-macht hat-te. Wo-zu auch? 
Die
 []

[70] [71] [72] [73] <bilder/maus_2.pdf, id=344, 597.50786pt x 845.04686pt>
File: bilder/maus_2.pdf Graphic file (type pdf)

<use bilder/maus_2.pdf>
Package pdftex.def Info: bilder/maus_2.pdf used on input line 101.
(pdftex.def)             Requested size: 315.82562pt x 446.66063pt.
 [74 <./bilder/maus_2.pdf>]) (./gespenst.tex [75

]
[76

]
Package mdframed Info: mdframed works in twoside mode on input line 3.
LaTeX Font Info:    Font shape `T1/Quattrocento-TLF/bx/n' in size <11.86258> no
t available
(Font)              Font shape `T1/Quattrocento-TLF/b/n' tried instead on input
 line 15.
LaTeX Font Info:    Font shape `T1/Quattrocento-TLF/b/n' will be
(Font)              scaled to size 11.86258pt on input line 15.
 [77]
Overfull \hbox (8.73294pt too wide) in paragraph at lines 23--24
[]\T1/Quattrocento-TLF/m/sc/13 ^^S  Durch Wn-de kannst du geh'n, an-de-res ble
ibt steh'n.^^T
 []

[78]
Overfull \hbox (0.25385pt too wide) in paragraph at lines 25--26
[]\T1/Quattrocento-TLF/m/sc/13 Und Jo-na-than war oben-drein ein be-son-ders sc
hreck-
 []

Package mdframed Info: mdframed works in twoside mode on input line 27.
[79]
Underfull \hbox (badness 1275) in paragraph at lines 40--44
\T1/Quattrocento-TLF/m/sc/13 mer ganz lei-se sein ms-sen. Die Men-schen ha-ben

 []

[80]
Package mdframed Info: mdframed works in twoside mode on input line 48.
 [81] [82]
Overfull \hbox (0.51599pt too wide) in paragraph at lines 60--61
\T1/Quattrocento-TLF/m/sc/13 hier ein-mal rich-tig auf-zuru-men und den gan-ze
n Staub
 []

[83] <bilder/gespenst1.pdf, id=382, 514.76103pt x 602.73473pt>
File: bilder/gespenst1.pdf Graphic file (type pdf)

<use bilder/gespenst1.pdf>
Package pdftex.def Info: bilder/gespenst1.pdf used on input line 80.
(pdftex.def)             Requested size: 315.82562pt x 369.80135pt.
 [84 <./bilder/gespenst1.pdf>] [85

]
Package mdframed Info: mdframed works in twoside mode on input line 102.
 [86]
Package mdframed Info: Not enough space on this page on input line 107.
 [87]
[88]
Underfull \hbox (badness 1077) in paragraph at lines 126--127
[]\T1/Quattrocento-TLF/m/sc/13 ^^S  Aber komm mich doch mal wie-der be-su-chen!
^^T,
 []

[89]
Package mdframed Info: mdframed works in twoside mode on input line 137.
 [90]) (./pirat.tex [91] [92

]
Overfull \hbox (2.15393pt too wide) in paragraph at lines 11--20
\T1/Quattrocento-TLF/m/sc/13 er-le-di-gen dr-fen: das Deck schrub-ben, Kar-tof
-feln sch-
 []

[93] [94]
Overfull \hbox (4.58498pt too wide) in paragraph at lines 42--43
\T1/Quattrocento-TLF/m/sc/13 so-fort wie-der-hol-te ein gros-ser Chor von ge-na
u-so krch-
 []

[95] [96] <bilder/pirat1.pdf, id=431, 845.04686pt x 597.50786pt>
File: bilder/pirat1.pdf Graphic file (type pdf)

<use bilder/pirat1.pdf>
Package pdftex.def Info: bilder/pirat1.pdf used on input line 63.
(pdftex.def)             Requested size: 315.82562pt x 223.30817pt.
 [97 <./bilder/pirat1.pdf>]
Underfull \hbox (badness 1902) in paragraph at lines 78--79
\T1/Quattrocento-TLF/m/sc/13 Win-ni-mon ge-nau so vie-le wie an-de-ren Men-sche
n
 []

[98

] [99] [100]
Underfull \hbox (badness 1436) in paragraph at lines 98--99
\T1/Quattrocento-TLF/m/sc/13 durch das kleins-te Ge-rusch zu ver-ra-ten. Lang-
sam
 []

[101] [102] [103]
Underfull \hbox (badness 1603) in paragraph at lines 118--119
[]\T1/Quattrocento-TLF/m/sc/13 Als sie sa-hen, dass Win-ni-mon den Schatz so-ga
r
 []


Underfull \hbox (badness 1248) in paragraph at lines 120--121
[]\T1/Quattrocento-TLF/m/sc/13 Lieder wur-den ge-sun-gen, wo-bei Win-ni-mon fes
t-
 []

[104]) (./adler.tex [105] [106

] [107] [108] [109]
<bilder/adler.pdf, id=480, 358.98297pt x 201.64644pt>
File: bilder/adler.pdf Graphic file (type pdf)
 <use bilder/adler.pdf>
Package pdftex.def Info: bilder/adler.pdf used on input line 33.
(pdftex.def)             Requested size: 315.82562pt x 177.4094pt.

[110 <./bilder/adler.pdf>]
Underfull \hbox (badness 1331) in paragraph at lines 34--41
[]\T1/Quattrocento-TLF/m/sc/13 ^^S  Ha-ha-ha, da kommt ja un-ser Fasnachts-Joha
nn!^^T,
 []


Underfull \hbox (badness 2189) in paragraph at lines 34--41
\T1/Quattrocento-TLF/m/sc/13 K-nig Jo-hann. Nie-mand brach-te ihm mehr Mu-se
 []

[111

]
Underfull \hbox (badness 1014) in paragraph at lines 57--58
[]\T1/Quattrocento-TLF/m/sc/13 ^^S  Es ist noch gar nicht lan-ge her, da war ic
h der
 []

[112]) (./menschen.tex [113] [114

] [115] [116] [117]
<bilder/1kraehe.pdf, id=512, 709.54324pt x 469.18959pt>
File: bilder/1kraehe.pdf Graphic file (type pdf)

<use bilder/1kraehe.pdf>
Package pdftex.def Info: bilder/1kraehe.pdf used on input line 42.
(pdftex.def)             Requested size: 315.82562pt x 208.84239pt.
 [118 <./bilder/1kraehe.pdf>] [119

] [120] [121]
Underfull \hbox (badness 1189) in paragraph at lines 74--75
[]\T1/Quattrocento-TLF/m/sc/13 Kanouk fing an, vie-les aus-zu-pro-bie-ren, die 
Leu-te
 []

[122] [123]) (./wanfried.tex [124] [125

] [126]
Underfull \hbox (badness 1616) in paragraph at lines 13--14
\T1/Quattrocento-TLF/m/sc/13 ein lau-tes Kon-zert ver-an-stal-ten, auch auf-ge-
hrt zu
 []

[127] <bilder/opa1.pdf, id=550, 491.33244pt x 584.4101pt>
File: bilder/opa1.pdf Graphic file (type pdf)

<use bilder/opa1.pdf>
Package pdftex.def Info: bilder/opa1.pdf used on input line 28.
(pdftex.def)             Requested size: 315.82562pt x 375.66197pt.
 [128 <./bilder/opa1.pdf>]
Underfull \hbox (badness 1661) in paragraph at lines 31--32
\T1/Quattrocento-TLF/m/sc/13 den Schwes-tern im-mer ver-su-chen her-aus-zu-fin-
den,
 []


Overfull \hbox (16.363pt too wide) in paragraph at lines 37--38
\T1/Quattrocento-TLF/m/sc/13 schlecht und da-mit gif-tig. Es kommt zur b-li-ch
en Schwes-
 []

[129

] [130] [131] [132]
Underfull \hbox (badness 1067) in paragraph at lines 86--87
\T1/Quattrocento-TLF/m/sc/13 schon ein biss-chen ngst-lich, im-mer-hin wis-sen
 sie
 []

[133] [134]
Underfull \hbox (badness 1478) in paragraph at lines 111--112
\T1/Quattrocento-TLF/m/sc/13 Kru-tern und trgt ei-ne schmut-zi-ge brau-ne Kit
-tel-
 []

[135]
Underfull \hbox (badness 1968) in paragraph at lines 134--135
[]\T1/Quattrocento-TLF/m/sc/13 Beide sind be-ru-higt und kein biss-chen ngst-l
ich
 []

[136]
Overfull \hbox (7.80891pt too wide) in paragraph at lines 138--139
\T1/Quattrocento-TLF/m/sc/13 ha-ben es ja selbst ges-tern erst ge-se-hen! Die H
e-xe klatscht
 []


Underfull \hbox (badness 1253) in paragraph at lines 144--145
\T1/Quattrocento-TLF/m/sc/13 men an-ge-lau-fen. Die Schwes-tern sind be-ein-dru
ckt.
 []

[137]) (./onta.tex [138]
LaTeX Font Info:    External font `yinitas at66.82pt' loaded for size
(Font)              <17.28> on input line 4.
LaTeX Font Info:    Font shape `T1/Quattrocento-TLF/m/n' will be
(Font)              scaled to size 17.0pt on input line 7.
 [139

]
LaTeX Font Info:    Try loading font information for OT1+yswab on input line 12
.
LaTeX Font Info:    No file OT1yswab.fd. on input line 12.


LaTeX Font Warning: Font shape `OT1/yswab/m/n' undefined
(Font)              using `OT1/cmr/m/n' instead on input line 12.


Underfull \vbox (badness 10000) has occurred while \output is active []

 [140]
<bilder/dark.pdf, id=601, 607.5703pt x 513.74797pt>
File: bilder/dark.pdf Graphic file (type pdf)
 <use bilder/dark.pdf>
Package pdftex.def Info: bilder/dark.pdf used on input line 26.
(pdftex.def)             Requested size: 315.82562pt x 267.0564pt.

[141 <./bilder/dark.pdf>]
Underfull \vbox (badness 10000) has occurred while \output is active []

 [142

]
Underfull \vbox (badness 10000) has occurred while \output is active []

 [143]
<bilder/dark2.pdf, id=617, 597.23125pt x 845.1575pt>
File: bilder/dark2.pdf Graphic file (type pdf)
 <use bilder/dark2.pdf>
Package pdftex.def Info: bilder/dark2.pdf used on input line 43.
(pdftex.def)             Requested size: 315.82562pt x 446.93835pt.

[144 <./bilder/dark2.pdf>]
Underfull \vbox (badness 2564) has occurred while \output is active []

 [145

])
(./kerzers.tex [146] [147

]
Underfull \hbox (badness 2073) in paragraph at lines 11--12
[]\T1/Quattrocento-TLF/m/sc/13 ^^S  Ent-schul-di-gen Sie die Fra-ge, Frau Kom-m
issa-rin,
 []

[148]
Overfull \hbox (23.73543pt too wide) in paragraph at lines 16--17
[]\T1/QuattrocentoSans-TLF/m/n/13 Deutsch: Blau-er Mor-pho-fal-ter. Der Schmet-

 []


Overfull \hbox (3.16263pt too wide) in paragraph at lines 26--27
[]\T1/Quattrocento-TLF/m/sc/13 Regenjacke, Mt-ze und Gum-mis-tie-fel, er-fah-r
ungs-
 []


Overfull \hbox (14.16066pt too wide) in paragraph at lines 26--27
\T1/Quattrocento-TLF/m/sc/13 ge-m-ss fin-den Ver-bre-cher-jag-den auch bei Sch
lecht-
 []

[149]
Underfull \hbox (badness 1365) in paragraph at lines 28--29
[]\T1/Quattrocento-TLF/m/sc/13 Einen Fo-to-ap-pa-rat, um Ta-tor-te do-ku-men-ti
e-ren
 []

[150] <bilder/inkling.pdf, id=643, 334.85373pt x 253.61209pt>
File: bilder/inkling.pdf Graphic file (type pdf)

<use bilder/inkling.pdf>
Package pdftex.def Info: bilder/inkling.pdf used on input line 49.
(pdftex.def)             Requested size: 15.79224pt x 11.95769pt.

Underfull \hbox (badness 2443) in paragraph at lines 53--54
[]\T1/Quattrocento-TLF/m/sc/13 Der Di-rek-tor des Pa-pi-li-ora-mas, Herr But-te
r-blom,
 []


Underfull \hbox (badness 1248) in paragraph at lines 53--54
\T1/Quattrocento-TLF/m/sc/13 weiss, dass Fen-ja kom-men wird. Kom-missa-rin An-

 []

[151 <./bilder/inkling.pdf>]
<bilder/1blauerSchmetterling.pdf, id=651, 333.92957pt x 427.47945pt>
File: bilder/1blauerSchmetterling.pdf Graphic file (type pdf)

<use bilder/1blauerSchmetterling.pdf>
Package pdftex.def Info: bilder/1blauerSchmetterling.pdf used on input line 60.

(pdftex.def)             Requested size: 315.82562pt x 404.32896pt.
 [152 <./bilder/1blauerSchmetterling.pdf>]
Underfull \hbox (badness 1226) in paragraph at lines 65--66
\T1/Quattrocento-TLF/m/sc/13 ra-de letz-te Wo-che hat je-mand von der Uni-ver-s
i-tt
 []

[153

]
File: bilder/inkling.pdf Graphic file (type pdf)
 <use bilder/inkling.pdf>
Package pdftex.def Info: bilder/inkling.pdf used on input line 75.
(pdftex.def)             Requested size: 15.79224pt x 11.95769pt.
 [154]
Underfull \hbox (badness 1163) in paragraph at lines 85--86
\T1/Quattrocento-TLF/m/sc/13 Ver-ena Studer-Matt und der Rock da-hin-ten^^T da-
bei
 []


Underfull \hbox (badness 1715) in paragraph at lines 85--86
\T1/Quattrocento-TLF/m/sc/13 deu-tet sie auf die schmet-ter-lings-ge-mus-ter-te
n Klei-
 []

File: bilder/inkling.pdf Graphic file (type pdf)
<use bilder/inkling.pdf>
Package pdftex.def Info: bilder/inkling.pdf used on input line 92.
(pdftex.def)             Requested size: 15.79224pt x 11.95769pt.
 [155] [156] [157]
File: bilder/inkling.pdf Graphic file (type pdf)
 <use bilder/inkling.pdf>
Package pdftex.def Info: bilder/inkling.pdf used on input line 122.
(pdftex.def)             Requested size: 15.79224pt x 11.95769pt.
 [158]
[159] <bilder/kerzers2.pdf, id=683, 817.79085pt x 493.72296pt>
File: bilder/kerzers2.pdf Graphic file (type pdf)

<use bilder/kerzers2.pdf>
Package pdftex.def Info: bilder/kerzers2.pdf used on input line 146.
(pdftex.def)             Requested size: 315.82562pt x 190.66777pt.
 [160 <./bilder/kerzers2.pdf>]) (./henna.tex [161

]
[162

]
Underfull \hbox (badness 1931) in paragraph at lines 3--4
[][] \T1/Quattrocento-TLF/m/sc/13 mu-tigs-te Md-chen, das ich ken-ne, heisst
 []


Underfull \hbox (badness 1199) in paragraph at lines 10--13
[]\T1/Quattrocento-TLF/m/sc/13 Susanne hat-te ge-ra-de furcht-ba-ren Lie-bes-ku
m-mer
 []


Overfull \hbox (6.54802pt too wide) in paragraph at lines 10--13
\T1/Quattrocento-TLF/m/sc/13 und woll-te, wie sie sag-te ^^S  des-we-gen^^T mit
 mir ein Schloss
 []


Underfull \hbox (badness 1048) in paragraph at lines 10--13
\T1/Quattrocento-TLF/m/sc/13 kum-mer er-zhlt, pres-se ich die Lip-pen zu-sam-m
en,
 []

[163] [164]
Underfull \hbox (badness 1048) in paragraph at lines 22--30
\T1/Quattrocento-TLF/m/sc/13 so vie-le, als wir ge-kom-men wa-ren. Das gros-se 
Tor
 []

[165] [166] [167] [168]
<bilder/prinzessin.pdf, id=728, 841.23366pt x 480.1128pt>
File: bilder/prinzessin.pdf Graphic file (type pdf)

<use bilder/prinzessin.pdf>
Package pdftex.def Info: bilder/prinzessin.pdf used on input line 76.
(pdftex.def)             Requested size: 315.82562pt x 180.24698pt.
 [169 <./bilder/prinzessin.pdf>]
Underfull \hbox (badness 1052) in paragraph at lines 77--78
[]\T1/Quattrocento-TLF/m/sc/13 Wir n-her-ten uns dem Zim-mer. Ich weiss nicht,

 []


Underfull \hbox (badness 1092) in paragraph at lines 79--82
[]\T1/Quattrocento-TLF/m/sc/13 Pltzlich be-weg-te sich ei-ner die-ser Schat-te
n und
 []

[170

]
Underfull \hbox (badness 1688) in paragraph at lines 97--100
[]\T1/Quattrocento-TLF/m/sc/13 Dort ha-ben wir ge-ra-de ge-bt, wer am hchs-te
n
 []


Underfull \hbox (badness 1009) in paragraph at lines 97--100
\T1/Quattrocento-TLF/m/sc/13 sprin-gen kann und bis an die Spit-ze des Him-mel-

 []

[171]) (./indien.tex [172] [173

]
Underfull \hbox (badness 1215) in paragraph at lines 12--13
\T1/Quattrocento-TLF/m/sc/13 sie ms-sen Ba-den, um ge-le-gent-lich das Un-ge-z
ie-fer
 []

[174] [175] [176] <bilder/tiger.pdf, id=760, 824.92653pt x 586.97069pt>
File: bilder/tiger.pdf Graphic file (type pdf)

<use bilder/tiger.pdf>
Package pdftex.def Info: bilder/tiger.pdf used on input line 42.
(pdftex.def)             Requested size: 315.82562pt x 224.72603pt.
 [177 <./bilder/tiger.pdf>] [178

]) [179] [180

]
(./binder.toc [181])
\tf@toc=\write4
\openout4 = `binder.toc'.

 (./credits.tex [182]
LaTeX Font Info:    Font shape `T1/Quattrocento-TLF/bx/it' in size <15.59996> n
ot available
(Font)              Font shape `T1/Quattrocento-TLF/b/it' tried instead on inpu
t line 1.
LaTeX Font Info:    Font shape `T1/Quattrocento-TLF/b/it' will be
(Font)              scaled to size 15.59996pt on input line 1.
LaTeX Font Info:    Font shape `T1/QuattrocentoSans-TLF/bx/it' in size <15.5999
6> not available
(Font)              Font shape `T1/QuattrocentoSans-TLF/b/it' tried instead on 
input line 1.
LaTeX Font Info:    Font shape `T1/QuattrocentoSans-TLF/b/it' will be
(Font)              scaled to size 15.59996pt on input line 1.

Underfull \hbox (badness 3068) in paragraph at lines 4--5
\T1/Quattrocento-TLF/m/sc/13 gram-ma-ti-ka-li-schen Fehl-grif-fe, schie-fe For-
mu-lie-run-
 []

LaTeX Font Info:    Font shape `T1/Quattrocento-TLF/m/n' will be
(Font)              scaled to size 9.09996pt on input line 6.

Underfull \hbox (badness 1057) in paragraph at lines 6--7
\T1/Quattrocento-TLF/m/sc/13 licht ha-ben. Ge-setzt wur-de das Do-ku-ment in L[
]T[]X,
 []


Underfull \hbox (badness 2538) in paragraph at lines 6--7
\T1/Quattrocento-TLF/m/sc/13 ri, sie-he auch www.impallari.com. Die ber-schrif
-
 []


Underfull \hbox (badness 1259) in paragraph at lines 6--7
\T1/Quattrocento-TLF/m/sc/13 ten sind in \T1/Quattrocento-TLF/m/it/13 French Cu
r-si-ve \T1/Quattrocento-TLF/m/sc/13 von Em-ma-nu-el Beffa-ra
 []

[183

]) [184] <bilder/ausmalbild.pdf, id=795, 845.04686pt x 597.50786pt>
File: bilder/ausmalbild.pdf Graphic file (type pdf)

<use bilder/ausmalbild.pdf>
Package pdftex.def Info: bilder/ausmalbild.pdf used on input line 119.
(pdftex.def)             Requested size: 446.66063pt x 315.82562pt.
 [185 <./bilder/ausmalbild.pdf>] (./binder.aux)

LaTeX Font Warning: Size substitutions with differences
(Font)              up to 1.0pt have occurred.


LaTeX Font Warning: Some font shapes were not available, defaults substituted.

 ) 
Here is how much of TeX's memory you used:
 24833 strings out of 493093
 481611 string characters out of 6134989
 579539 words of memory out of 5000000
 27782 multiletter control sequences out of 15000+600000
 194288 words of font info for 79 fonts, out of 8000000 for 9000
 1141 hyphenation exceptions out of 8191
 64i,11n,66p,10434b,764s stack positions out of 5000i,500n,10000p,200000b,80000s
{/usr/local/texlive/2015/texmf-dist/fonts/enc/dvips/quattrocento/qtrcnt_qceur
4.enc}{/usr/local/texlive/2015/texmf-dist/fonts/enc/dvips/quattrocento/qtrcnt_t
evtmb.enc} </Users/gordon/Library/texlive/2015/texmf-var/fonts/pk/ljfour/local/
yinitas.1037pk> </Users/gordon/Library/texlive/2015/texmf-var/fonts/pk/ljfour/p
ublic/skull/skull.650pk>{/usr/local/texlive/2015/texmf-dist/fonts/enc/dvips/qua
ttrocento/qtrcnt_e45lg2.enc}</usr/local/texlive/2015/texmf-dist/fonts/type1/imp
allari/quattrocento/Quattrocento-Bold.pfb></usr/local/texlive/2015/texmf-dist/f
onts/type1/impallari/quattrocento/Quattrocento-BoldItalic.pfb></usr/local/texli
ve/2015/texmf-dist/fonts/type1/impallari/quattrocento/QuattrocentoItalic.pfb></
usr/local/texlive/2015/texmf-dist/fonts/type1/impallari/quattrocento/Quattrocen
toRegular.pfb></usr/local/texlive/2015/texmf-dist/fonts/type1/impallari/quattro
cento/QuattrocentoSans-Bold.pfb></usr/local/texlive/2015/texmf-dist/fonts/type1
/impallari/quattrocento/QuattrocentoSans-BoldItalic.pfb></usr/local/texlive/201
5/texmf-dist/fonts/type1/impallari/quattrocento/QuattrocentoSans.pfb></usr/loca
l/texlive/2015/texmf-dist/fonts/type1/public/initials/Zallman.pfb></usr/local/t
exlive/2015/texmf-dist/fonts/type1/public/amsfonts/cm/cmr17.pfb></usr/local/tex
live/2015/texmf-dist/fonts/type1/public/fourier/fourier-orns.pfb></usr/local/te
xlive/2015/texmf-dist/fonts/type1/public/frcursive/frcr14.pfb></usr/local/texli
ve/2015/texmf-dist/fonts/type1/public/yfonts-t1/yswab.pfb>
Output written on binder.pdf (185 pages, 9789184 bytes).
PDF statistics:
 861 PDF objects out of 1000 (max. 8388607)
 545 compressed objects within 6 object streams
 0 named destinations out of 1000 (max. 500000)
 138 words of extra memory for PDF output out of 10000 (max. 10000000)

